Using pre-set license
Built from '2021.3/staging' branch; Version is '2021.3.16f1 (4016570cf34f) revision 4200023'; Using compiler version '192829333'; Build Type 'Release'
OS: 'Windows 11  (10.0.22621) 64bit Professional' Language: 'en' Physical Memory: 16059 MB
BatchMode: 1, IsHumanControllingUs: 0, StartBugReporterOnCrash: 0, Is64bit: 1, IsPro: 1

COMMAND LINE ARGUMENTS:
C:\Program Files\Unity\Hub\Editor\2021.3.16f1\Editor\Unity.exe
-adb2
-batchMode
-noUpm
-name
AssetImportWorker2
-projectPath
C:/Users/nonsk/Documents/GitHub/VR_practice/LeapInputPractice
-logFile
Logs/AssetImportWorker2.log
-srvPort
54654
Successfully changed project path to: C:/Users/nonsk/Documents/GitHub/VR_practice/LeapInputPractice
C:/Users/nonsk/Documents/GitHub/VR_practice/LeapInputPractice
[UnityMemory] Configuration Parameters - Can be set up in boot.config
    "memorysetup-bucket-allocator-granularity=16"
    "memorysetup-bucket-allocator-bucket-count=8"
    "memorysetup-bucket-allocator-block-size=33554432"
    "memorysetup-bucket-allocator-block-count=8"
    "memorysetup-main-allocator-block-size=16777216"
    "memorysetup-thread-allocator-block-size=16777216"
    "memorysetup-gfx-main-allocator-block-size=16777216"
    "memorysetup-gfx-thread-allocator-block-size=16777216"
    "memorysetup-cache-allocator-block-size=4194304"
    "memorysetup-typetree-allocator-block-size=2097152"
    "memorysetup-profiler-bucket-allocator-granularity=16"
    "memorysetup-profiler-bucket-allocator-bucket-count=8"
    "memorysetup-profiler-bucket-allocator-block-size=33554432"
    "memorysetup-profiler-bucket-allocator-block-count=8"
    "memorysetup-profiler-allocator-block-size=16777216"
    "memorysetup-profiler-editor-allocator-block-size=1048576"
    "memorysetup-temp-allocator-size-main=16777216"
    "memorysetup-job-temp-allocator-block-size=2097152"
    "memorysetup-job-temp-allocator-block-size-background=1048576"
    "memorysetup-job-temp-allocator-reduction-small-platforms=262144"
    "memorysetup-temp-allocator-size-background-worker=32768"
    "memorysetup-temp-allocator-size-job-worker=262144"
    "memorysetup-temp-allocator-size-preload-manager=33554432"
    "memorysetup-temp-allocator-size-nav-mesh-worker=65536"
    "memorysetup-temp-allocator-size-audio-worker=65536"
    "memorysetup-temp-allocator-size-cloud-worker=32768"
    "memorysetup-temp-allocator-size-gi-baking-worker=262144"
    "memorysetup-temp-allocator-size-gfx=262144"
Player connection [2216] Host "[IP] 172.16.136.172 [Port] 0 [Flags] 2 [Guid] 2096019634 [EditorId] 2096019634 [Version] 1048832 [Id] WindowsEditor(7,DESKTOP-2B5LC6C) [Debug] 1 [PackageName] WindowsEditor [ProjectName] Editor" joined multi-casting on [225.0.0.222:54997]...

Player connection [2216] Host "[IP] 172.16.136.172 [Port] 0 [Flags] 2 [Guid] 2096019634 [EditorId] 2096019634 [Version] 1048832 [Id] WindowsEditor(7,DESKTOP-2B5LC6C) [Debug] 1 [PackageName] WindowsEditor [ProjectName] Editor" joined alternative multi-casting on [225.0.0.222:34997]...

Refreshing native plugins compatible for Editor in 100.43 ms, found 5 plugins.
Preloading 0 native plugins for Editor in 0.00 ms.
Initialize engine version: 2021.3.16f1 (4016570cf34f)
[Subsystems] Discovering subsystems at path C:/Program Files/Unity/Hub/Editor/2021.3.16f1/Editor/Data/Resources/UnitySubsystems
[Subsystems] Discovering subsystems at path C:/Users/nonsk/Documents/GitHub/VR_practice/LeapInputPractice/Assets
GfxDevice: creating device client; threaded=0; jobified=0
Direct3D:
    Version:  Direct3D 11.0 [level 11.1]
    Renderer: NVIDIA GeForce GTX 1650 SUPER (ID=0x2187)
    Vendor:   NVIDIA
    VRAM:     3943 MB
    Driver:   31.0.15.2824
Initialize mono
Mono path[0] = 'C:/Program Files/Unity/Hub/Editor/2021.3.16f1/Editor/Data/Managed'
Mono path[1] = 'C:/Program Files/Unity/Hub/Editor/2021.3.16f1/Editor/Data/MonoBleedingEdge/lib/mono/unityjit-win32'
Mono config path = 'C:/Program Files/Unity/Hub/Editor/2021.3.16f1/Editor/Data/MonoBleedingEdge/etc'
Using monoOptions --debugger-agent=transport=dt_socket,embedding=1,server=y,suspend=n,address=127.0.0.1:56872
Begin MonoManager ReloadAssembly
Registering precompiled unity dll's ...
Register platform support module: C:/Program Files/Unity/Hub/Editor/2021.3.16f1/Editor/Data/PlaybackEngines/AndroidPlayer/UnityEditor.Android.Extensions.dll
Register platform support module: C:/Program Files/Unity/Hub/Editor/2021.3.16f1/Editor/Data/PlaybackEngines/WindowsStandaloneSupport/UnityEditor.WindowsStandalone.Extensions.dll
Registered in 0.006990 seconds.
Native extension for WindowsStandalone target not found
Native extension for Android target not found
Refreshing native plugins compatible for Editor in 73.47 ms, found 5 plugins.
Preloading 0 native plugins for Editor in 0.00 ms.
Mono: successfully reloaded assembly
- Completed reload, in  0.625 seconds
Domain Reload Profiling:
	ReloadAssembly (625ms)
		BeginReloadAssembly (95ms)
			ExecutionOrderSort (0ms)
			DisableScriptedObjects (0ms)
			BackupInstance (0ms)
			ReleaseScriptingObjects (0ms)
			CreateAndSetChildDomain (1ms)
		EndReloadAssembly (436ms)
			LoadAssemblies (94ms)
			RebuildTransferFunctionScriptingTraits (0ms)
			SetupTypeCache (104ms)
			ReleaseScriptCaches (0ms)
			RebuildScriptCaches (22ms)
			SetupLoadedEditorAssemblies (265ms)
				LogAssemblyErrors (0ms)
				InitializePlatformSupportModulesInManaged (55ms)
				SetLoadedEditorAssemblies (0ms)
				RefreshPlugins (74ms)
				BeforeProcessingInitializeOnLoad (1ms)
				ProcessInitializeOnLoadAttributes (89ms)
				ProcessInitializeOnLoadMethodAttributes (46ms)
				AfterProcessingInitializeOnLoad (0ms)
				EditorAssembliesLoaded (0ms)
			ExecutionOrderSort2 (0ms)
			AwakeInstancesAfterBackupRestoration (0ms)
Platform modules already initialized, skipping
Registering precompiled user dll's ...
Registered in 0.014570 seconds.
Begin MonoManager ReloadAssembly
Symbol file LoadedFromMemory doesn't match image C:\Users\nonsk\Documents\GitHub\VR_practice\LeapInputPractice\Library\PackageCache\com.unity.visualscripting@1.7.8\Editor\VisualScripting.Core\Dependencies\YamlDotNet\Unity.VisualScripting.YamlDotNet.dll
Symbol file LoadedFromMemory doesn't match image C:\Users\nonsk\Documents\GitHub\VR_practice\LeapInputPractice\Library\PackageCache\com.unity.visualscripting@1.7.8\Editor\VisualScripting.Core\Dependencies\DotNetZip\Unity.VisualScripting.IonicZip.dll
Native extension for WindowsStandalone target not found
Native extension for Android target not found
Refreshing native plugins compatible for Editor in 0.54 ms, found 5 plugins.
Preloading 0 native plugins for Editor in 0.00 ms.
Mono: successfully reloaded assembly
- Completed reload, in  1.118 seconds
Domain Reload Profiling:
	ReloadAssembly (1119ms)
		BeginReloadAssembly (213ms)
			ExecutionOrderSort (0ms)
			DisableScriptedObjects (5ms)
			BackupInstance (0ms)
			ReleaseScriptingObjects (0ms)
			CreateAndSetChildDomain (126ms)
		EndReloadAssembly (795ms)
			LoadAssemblies (128ms)
			RebuildTransferFunctionScriptingTraits (0ms)
			SetupTypeCache (251ms)
			ReleaseScriptCaches (0ms)
			RebuildScriptCaches (50ms)
			SetupLoadedEditorAssemblies (346ms)
				LogAssemblyErrors (0ms)
				InitializePlatformSupportModulesInManaged (11ms)
				SetLoadedEditorAssemblies (0ms)
				RefreshPlugins (1ms)
				BeforeProcessingInitializeOnLoad (73ms)
				ProcessInitializeOnLoadAttributes (225ms)
				ProcessInitializeOnLoadMethodAttributes (31ms)
				AfterProcessingInitializeOnLoad (6ms)
				EditorAssembliesLoaded (0ms)
			ExecutionOrderSort2 (0ms)
			AwakeInstancesAfterBackupRestoration (5ms)
Platform modules already initialized, skipping
========================================================================
Worker process is ready to serve import requests
Launched and connected shader compiler UnityShaderCompiler.exe after 0.05 seconds
Refreshing native plugins compatible for Editor in 0.54 ms, found 5 plugins.
Preloading 0 native plugins for Editor in 0.00 ms.
Unloading 3657 Unused Serialized files (Serialized files now loaded: 0)
Unloading 35 unused Assets / (390.2 KB). Loaded Objects now: 4110.
Memory consumption went from 130.8 MB to 130.4 MB.
Total: 3.604700 ms (FindLiveObjects: 0.256400 ms CreateObjectMapping: 0.184300 ms MarkObjects: 2.909700 ms  DeleteObjects: 0.253200 ms)

AssetImportParameters requested are different than current active one (requested -> active):
  custom:video-decoder-ogg-theora: a1e56fd34408186e4bbccfd4996cb3dc -> 
  custom:container-muxer-webm: aa71ff27fc2769a1b78a27578f13a17b -> 
  custom:container-demuxer-webm: 4f35f7cbe854078d1ac9338744f61a02 -> 
  custom:video-encoder-webm-vp8: eb34c28f22e8b96e1ab97ce403110664 -> 
  custom:video-codec-MediaFoundation-h265: 746d11721c4dcdbdad8f713fa42b33f4 -> 
  custom:audio-encoder-webm-vorbis: bf7c407c2cedff20999df2af8eb42d56 -> 
  custom:framework-win-MediaFoundation: 216162199b28c13a410421893ffa2e32 -> 
  custom:container-demuxer-ogg: 62fdf1f143b41e24485cea50d1cbac27 -> 
  custom:video-decoder-webm-vp8: 9c59270c3fd7afecdb556c50c9e8de78 -> 
  custom:audio-decoder-ogg-vorbis: bf7c407c2cedff20999df2af8eb42d56 -> 
========================================================================
Received Prepare
Registering precompiled user dll's ...
Registered in 0.005550 seconds.
Begin MonoManager ReloadAssembly
Symbol file LoadedFromMemory doesn't match image C:\Users\nonsk\Documents\GitHub\VR_practice\LeapInputPractice\Library\PackageCache\com.unity.visualscripting@1.7.8\Editor\VisualScripting.Core\Dependencies\YamlDotNet\Unity.VisualScripting.YamlDotNet.dll
Symbol file LoadedFromMemory doesn't match image C:\Users\nonsk\Documents\GitHub\VR_practice\LeapInputPractice\Library\PackageCache\com.unity.visualscripting@1.7.8\Editor\VisualScripting.Core\Dependencies\DotNetZip\Unity.VisualScripting.IonicZip.dll
Native extension for WindowsStandalone target not found
Native extension for Android target not found
Refreshing native plugins compatible for Editor in 1.00 ms, found 5 plugins.
Preloading 0 native plugins for Editor in 0.00 ms.
Mono: successfully reloaded assembly
- Completed reload, in  0.918 seconds
Domain Reload Profiling:
	ReloadAssembly (918ms)
		BeginReloadAssembly (110ms)
			ExecutionOrderSort (0ms)
			DisableScriptedObjects (5ms)
			BackupInstance (0ms)
			ReleaseScriptingObjects (0ms)
			CreateAndSetChildDomain (34ms)
		EndReloadAssembly (725ms)
			LoadAssemblies (71ms)
			RebuildTransferFunctionScriptingTraits (0ms)
			SetupTypeCache (273ms)
			ReleaseScriptCaches (1ms)
			RebuildScriptCaches (41ms)
			SetupLoadedEditorAssemblies (296ms)
				LogAssemblyErrors (0ms)
				InitializePlatformSupportModulesInManaged (20ms)
				SetLoadedEditorAssemblies (1ms)
				RefreshPlugins (1ms)
				BeforeProcessingInitializeOnLoad (62ms)
				ProcessInitializeOnLoadAttributes (186ms)
				ProcessInitializeOnLoadMethodAttributes (21ms)
				AfterProcessingInitializeOnLoad (5ms)
				EditorAssembliesLoaded (0ms)
			ExecutionOrderSort2 (0ms)
			AwakeInstancesAfterBackupRestoration (7ms)
Platform modules already initialized, skipping
Refreshing native plugins compatible for Editor in 2.56 ms, found 5 plugins.
Preloading 0 native plugins for Editor in 0.00 ms.
Unloading 3634 Unused Serialized files (Serialized files now loaded: 0)
Unloading 28 unused Assets / (357.0 KB). Loaded Objects now: 4113.
Memory consumption went from 128.9 MB to 128.6 MB.
Total: 2.655900 ms (FindLiveObjects: 0.229600 ms CreateObjectMapping: 0.250300 ms MarkObjects: 1.980900 ms  DeleteObjects: 0.194300 ms)

AssetImportParameters requested are different than current active one (requested -> active):
  custom:video-decoder-ogg-theora: a1e56fd34408186e4bbccfd4996cb3dc -> 
  custom:container-muxer-webm: aa71ff27fc2769a1b78a27578f13a17b -> 
  custom:container-demuxer-webm: 4f35f7cbe854078d1ac9338744f61a02 -> 
  custom:video-encoder-webm-vp8: eb34c28f22e8b96e1ab97ce403110664 -> 
  custom:video-codec-MediaFoundation-h265: 746d11721c4dcdbdad8f713fa42b33f4 -> 
  custom:audio-encoder-webm-vorbis: bf7c407c2cedff20999df2af8eb42d56 -> 
  custom:framework-win-MediaFoundation: 216162199b28c13a410421893ffa2e32 -> 
  custom:container-demuxer-ogg: 62fdf1f143b41e24485cea50d1cbac27 -> 
  custom:video-decoder-webm-vp8: 9c59270c3fd7afecdb556c50c9e8de78 -> 
  custom:audio-decoder-ogg-vorbis: bf7c407c2cedff20999df2af8eb42d56 -> 
========================================================================
Received Prepare
Registering precompiled user dll's ...
Registered in 0.005173 seconds.
Begin MonoManager ReloadAssembly
Symbol file LoadedFromMemory doesn't match image C:\Users\nonsk\Documents\GitHub\VR_practice\LeapInputPractice\Library\PackageCache\com.unity.visualscripting@1.7.8\Editor\VisualScripting.Core\Dependencies\YamlDotNet\Unity.VisualScripting.YamlDotNet.dll
Symbol file LoadedFromMemory doesn't match image C:\Users\nonsk\Documents\GitHub\VR_practice\LeapInputPractice\Library\PackageCache\com.unity.visualscripting@1.7.8\Editor\VisualScripting.Core\Dependencies\DotNetZip\Unity.VisualScripting.IonicZip.dll
Native extension for WindowsStandalone target not found
Native extension for Android target not found
Refreshing native plugins compatible for Editor in 0.76 ms, found 5 plugins.
Preloading 0 native plugins for Editor in 0.00 ms.
Mono: successfully reloaded assembly
- Completed reload, in  0.912 seconds
Domain Reload Profiling:
	ReloadAssembly (913ms)
		BeginReloadAssembly (107ms)
			ExecutionOrderSort (0ms)
			DisableScriptedObjects (4ms)
			BackupInstance (0ms)
			ReleaseScriptingObjects (0ms)
			CreateAndSetChildDomain (33ms)
		EndReloadAssembly (724ms)
			LoadAssemblies (67ms)
			RebuildTransferFunctionScriptingTraits (0ms)
			SetupTypeCache (255ms)
			ReleaseScriptCaches (1ms)
			RebuildScriptCaches (45ms)
			SetupLoadedEditorAssemblies (302ms)
				LogAssemblyErrors (0ms)
				InitializePlatformSupportModulesInManaged (18ms)
				SetLoadedEditorAssemblies (0ms)
				RefreshPlugins (1ms)
				BeforeProcessingInitializeOnLoad (59ms)
				ProcessInitializeOnLoadAttributes (199ms)
				ProcessInitializeOnLoadMethodAttributes (20ms)
				AfterProcessingInitializeOnLoad (5ms)
				EditorAssembliesLoaded (0ms)
			ExecutionOrderSort2 (0ms)
			AwakeInstancesAfterBackupRestoration (6ms)
Platform modules already initialized, skipping
Refreshing native plugins compatible for Editor in 2.00 ms, found 5 plugins.
Preloading 0 native plugins for Editor in 0.00 ms.
Unloading 3634 Unused Serialized files (Serialized files now loaded: 0)
Unloading 28 unused Assets / (356.9 KB). Loaded Objects now: 4116.
Memory consumption went from 128.9 MB to 128.6 MB.
Total: 3.046800 ms (FindLiveObjects: 0.262300 ms CreateObjectMapping: 0.157200 ms MarkObjects: 2.441100 ms  DeleteObjects: 0.185000 ms)

AssetImportParameters requested are different than current active one (requested -> active):
  custom:video-decoder-ogg-theora: a1e56fd34408186e4bbccfd4996cb3dc -> 
  custom:container-muxer-webm: aa71ff27fc2769a1b78a27578f13a17b -> 
  custom:container-demuxer-webm: 4f35f7cbe854078d1ac9338744f61a02 -> 
  custom:video-encoder-webm-vp8: eb34c28f22e8b96e1ab97ce403110664 -> 
  custom:video-codec-MediaFoundation-h265: 746d11721c4dcdbdad8f713fa42b33f4 -> 
  custom:audio-encoder-webm-vorbis: bf7c407c2cedff20999df2af8eb42d56 -> 
  custom:framework-win-MediaFoundation: 216162199b28c13a410421893ffa2e32 -> 
  custom:container-demuxer-ogg: 62fdf1f143b41e24485cea50d1cbac27 -> 
  custom:video-decoder-webm-vp8: 9c59270c3fd7afecdb556c50c9e8de78 -> 
  custom:audio-decoder-ogg-vorbis: bf7c407c2cedff20999df2af8eb42d56 -> 
========================================================================
Received Import Request.
  Time since last request: 1802961.844836 seconds.
  path: Assets/ThirdParty/Ultraleap/Tracking/Core/Runtime/Prefabs
  artifactKey: Guid(cbdcdff33fede624fb0661c25978816d) Importer(815301076,1909f56bfc062723c751e8b465ee728b)
Start importing Assets/ThirdParty/Ultraleap/Tracking/Core/Runtime/Prefabs using Guid(cbdcdff33fede624fb0661c25978816d) Importer(815301076,1909f56bfc062723c751e8b465ee728b)  -> (artifact id: '42a7ae75152f3d136196f33f7980ff20') in 0.007595 seconds 
========================================================================
Received Import Request.
  Time since last request: 0.071726 seconds.
  path: Assets/ThirdParty/Ultraleap/Tracking/Core/Runtime/Prefabs/Service Provider (Desktop).prefab
  artifactKey: Guid(b9c7aaf0d314cb847a3b2a20e893f1b6) Importer(815301076,1909f56bfc062723c751e8b465ee728b)
Start importing Assets/ThirdParty/Ultraleap/Tracking/Core/Runtime/Prefabs/Service Provider (Desktop).prefab using Guid(b9c7aaf0d314cb847a3b2a20e893f1b6) Importer(815301076,1909f56bfc062723c751e8b465ee728b)  -> (artifact id: 'bc9197fc82cb518f0e357893e7edb7e2') in 0.045226 seconds 
========================================================================
Received Import Request.
  Time since last request: 0.000017 seconds.
  path: Assets/ThirdParty/Ultraleap/Tracking/Core/Runtime/Prefabs/Service Provider (XR).prefab
  artifactKey: Guid(15d3b5cf5cea75344a4482323bc124a8) Importer(815301076,1909f56bfc062723c751e8b465ee728b)
Start importing Assets/ThirdParty/Ultraleap/Tracking/Core/Runtime/Prefabs/Service Provider (XR).prefab using Guid(15d3b5cf5cea75344a4482323bc124a8) Importer(815301076,1909f56bfc062723c751e8b465ee728b)  -> (artifact id: '4e64ca6416d96926a6e497fb07c64e6e') in 0.009499 seconds 
========================================================================
Received Prepare
Registering precompiled user dll's ...
Registered in 0.003851 seconds.
Begin MonoManager ReloadAssembly
Symbol file LoadedFromMemory doesn't match image C:\Users\nonsk\Documents\GitHub\VR_practice\LeapInputPractice\Library\PackageCache\com.unity.visualscripting@1.7.8\Editor\VisualScripting.Core\Dependencies\YamlDotNet\Unity.VisualScripting.YamlDotNet.dll
Symbol file LoadedFromMemory doesn't match image C:\Users\nonsk\Documents\GitHub\VR_practice\LeapInputPractice\Library\PackageCache\com.unity.visualscripting@1.7.8\Editor\VisualScripting.Core\Dependencies\DotNetZip\Unity.VisualScripting.IonicZip.dll
Native extension for WindowsStandalone target not found
Native extension for Android target not found
Refreshing native plugins compatible for Editor in 0.56 ms, found 5 plugins.
Preloading 0 native plugins for Editor in 0.00 ms.
Mono: successfully reloaded assembly
- Completed reload, in  0.934 seconds
Domain Reload Profiling:
	ReloadAssembly (935ms)
		BeginReloadAssembly (115ms)
			ExecutionOrderSort (0ms)
			DisableScriptedObjects (6ms)
			BackupInstance (0ms)
			ReleaseScriptingObjects (0ms)
			CreateAndSetChildDomain (36ms)
		EndReloadAssembly (741ms)
			LoadAssemblies (72ms)
			RebuildTransferFunctionScriptingTraits (0ms)
			SetupTypeCache (268ms)
			ReleaseScriptCaches (2ms)
			RebuildScriptCaches (42ms)
			SetupLoadedEditorAssemblies (313ms)
				LogAssemblyErrors (0ms)
				InitializePlatformSupportModulesInManaged (18ms)
				SetLoadedEditorAssemblies (0ms)
				RefreshPlugins (1ms)
				BeforeProcessingInitializeOnLoad (63ms)
				ProcessInitializeOnLoadAttributes (203ms)
				ProcessInitializeOnLoadMethodAttributes (23ms)
				AfterProcessingInitializeOnLoad (5ms)
				EditorAssembliesLoaded (0ms)
			ExecutionOrderSort2 (0ms)
			AwakeInstancesAfterBackupRestoration (7ms)
Platform modules already initialized, skipping
Refreshing native plugins compatible for Editor in 2.67 ms, found 5 plugins.
Preloading 0 native plugins for Editor in 0.00 ms.
Unloading 3634 Unused Serialized files (Serialized files now loaded: 0)
Unloading 28 unused Assets / (403.1 KB). Loaded Objects now: 4120.
Memory consumption went from 129.0 MB to 128.6 MB.
Total: 3.028800 ms (FindLiveObjects: 0.257000 ms CreateObjectMapping: 0.156800 ms MarkObjects: 2.315500 ms  DeleteObjects: 0.298200 ms)

AssetImportParameters requested are different than current active one (requested -> active):
  custom:video-decoder-ogg-theora: a1e56fd34408186e4bbccfd4996cb3dc -> 
  custom:container-muxer-webm: aa71ff27fc2769a1b78a27578f13a17b -> 
  custom:container-demuxer-webm: 4f35f7cbe854078d1ac9338744f61a02 -> 
  custom:video-encoder-webm-vp8: eb34c28f22e8b96e1ab97ce403110664 -> 
  custom:video-codec-MediaFoundation-h265: 746d11721c4dcdbdad8f713fa42b33f4 -> 
  custom:audio-encoder-webm-vorbis: bf7c407c2cedff20999df2af8eb42d56 -> 
  custom:framework-win-MediaFoundation: 216162199b28c13a410421893ffa2e32 -> 
  custom:container-demuxer-ogg: 62fdf1f143b41e24485cea50d1cbac27 -> 
  custom:video-decoder-webm-vp8: 9c59270c3fd7afecdb556c50c9e8de78 -> 
  custom:audio-decoder-ogg-vorbis: bf7c407c2cedff20999df2af8eb42d56 -> 
========================================================================
Received Prepare
Registering precompiled user dll's ...
Registered in 0.003759 seconds.
Begin MonoManager ReloadAssembly
Symbol file LoadedFromMemory doesn't match image C:\Users\nonsk\Documents\GitHub\VR_practice\LeapInputPractice\Library\PackageCache\com.unity.visualscripting@1.7.8\Editor\VisualScripting.Core\Dependencies\YamlDotNet\Unity.VisualScripting.YamlDotNet.dll
Symbol file LoadedFromMemory doesn't match image C:\Users\nonsk\Documents\GitHub\VR_practice\LeapInputPractice\Library\PackageCache\com.unity.visualscripting@1.7.8\Editor\VisualScripting.Core\Dependencies\DotNetZip\Unity.VisualScripting.IonicZip.dll
Native extension for WindowsStandalone target not found
Native extension for Android target not found
Refreshing native plugins compatible for Editor in 0.61 ms, found 5 plugins.
Preloading 0 native plugins for Editor in 0.00 ms.
Mono: successfully reloaded assembly
- Completed reload, in  0.939 seconds
Domain Reload Profiling:
	ReloadAssembly (939ms)
		BeginReloadAssembly (109ms)
			ExecutionOrderSort (0ms)
			DisableScriptedObjects (4ms)
			BackupInstance (0ms)
			ReleaseScriptingObjects (0ms)
			CreateAndSetChildDomain (34ms)
		EndReloadAssembly (751ms)
			LoadAssemblies (72ms)
			RebuildTransferFunctionScriptingTraits (0ms)
			SetupTypeCache (271ms)
			ReleaseScriptCaches (1ms)
			RebuildScriptCaches (40ms)
			SetupLoadedEditorAssemblies (320ms)
				LogAssemblyErrors (0ms)
				InitializePlatformSupportModulesInManaged (20ms)
				SetLoadedEditorAssemblies (0ms)
				RefreshPlugins (1ms)
				BeforeProcessingInitializeOnLoad (62ms)
				ProcessInitializeOnLoadAttributes (210ms)
				ProcessInitializeOnLoadMethodAttributes (23ms)
				AfterProcessingInitializeOnLoad (4ms)
				EditorAssembliesLoaded (0ms)
			ExecutionOrderSort2 (0ms)
			AwakeInstancesAfterBackupRestoration (7ms)
Platform modules already initialized, skipping
Refreshing native plugins compatible for Editor in 2.28 ms, found 5 plugins.
Preloading 0 native plugins for Editor in 0.00 ms.
Unloading 3634 Unused Serialized files (Serialized files now loaded: 0)
Unloading 28 unused Assets / (403.4 KB). Loaded Objects now: 4123.
Memory consumption went from 129.0 MB to 128.6 MB.
Total: 3.097700 ms (FindLiveObjects: 0.283600 ms CreateObjectMapping: 0.197200 ms MarkObjects: 2.372000 ms  DeleteObjects: 0.243600 ms)

AssetImportParameters requested are different than current active one (requested -> active):
  custom:video-decoder-ogg-theora: a1e56fd34408186e4bbccfd4996cb3dc -> 
  custom:container-muxer-webm: aa71ff27fc2769a1b78a27578f13a17b -> 
  custom:container-demuxer-webm: 4f35f7cbe854078d1ac9338744f61a02 -> 
  custom:video-encoder-webm-vp8: eb34c28f22e8b96e1ab97ce403110664 -> 
  custom:video-codec-MediaFoundation-h265: 746d11721c4dcdbdad8f713fa42b33f4 -> 
  custom:audio-encoder-webm-vorbis: bf7c407c2cedff20999df2af8eb42d56 -> 
  custom:framework-win-MediaFoundation: 216162199b28c13a410421893ffa2e32 -> 
  custom:container-demuxer-ogg: 62fdf1f143b41e24485cea50d1cbac27 -> 
  custom:video-decoder-webm-vp8: 9c59270c3fd7afecdb556c50c9e8de78 -> 
  custom:audio-decoder-ogg-vorbis: bf7c407c2cedff20999df2af8eb42d56 -> 
========================================================================
Received Prepare
Registering precompiled user dll's ...
Registered in 0.005934 seconds.
Begin MonoManager ReloadAssembly
Symbol file LoadedFromMemory doesn't match image C:\Users\nonsk\Documents\GitHub\VR_practice\LeapInputPractice\Library\PackageCache\com.unity.visualscripting@1.7.8\Editor\VisualScripting.Core\Dependencies\YamlDotNet\Unity.VisualScripting.YamlDotNet.dll
Symbol file LoadedFromMemory doesn't match image C:\Users\nonsk\Documents\GitHub\VR_practice\LeapInputPractice\Library\PackageCache\com.unity.visualscripting@1.7.8\Editor\VisualScripting.Core\Dependencies\DotNetZip\Unity.VisualScripting.IonicZip.dll
Native extension for WindowsStandalone target not found
Native extension for Android target not found
Refreshing native plugins compatible for Editor in 0.66 ms, found 5 plugins.
Preloading 0 native plugins for Editor in 0.00 ms.
Mono: successfully reloaded assembly
- Completed reload, in  0.961 seconds
Domain Reload Profiling:
	ReloadAssembly (961ms)
		BeginReloadAssembly (119ms)
			ExecutionOrderSort (0ms)
			DisableScriptedObjects (5ms)
			BackupInstance (0ms)
			ReleaseScriptingObjects (0ms)
			CreateAndSetChildDomain (32ms)
		EndReloadAssembly (746ms)
			LoadAssemblies (79ms)
			RebuildTransferFunctionScriptingTraits (0ms)
			SetupTypeCache (268ms)
			ReleaseScriptCaches (2ms)
			RebuildScriptCaches (41ms)
			SetupLoadedEditorAssemblies (319ms)
				LogAssemblyErrors (0ms)
				InitializePlatformSupportModulesInManaged (22ms)
				SetLoadedEditorAssemblies (0ms)
				RefreshPlugins (1ms)
				BeforeProcessingInitializeOnLoad (65ms)
				ProcessInitializeOnLoadAttributes (200ms)
				ProcessInitializeOnLoadMethodAttributes (25ms)
				AfterProcessingInitializeOnLoad (6ms)
				EditorAssembliesLoaded (0ms)
			ExecutionOrderSort2 (0ms)
			AwakeInstancesAfterBackupRestoration (6ms)
Platform modules already initialized, skipping
Refreshing native plugins compatible for Editor in 2.11 ms, found 5 plugins.
Preloading 0 native plugins for Editor in 0.00 ms.
Unloading 3634 Unused Serialized files (Serialized files now loaded: 0)
Unloading 28 unused Assets / (356.7 KB). Loaded Objects now: 4126.
Memory consumption went from 129.0 MB to 128.6 MB.
Total: 3.196600 ms (FindLiveObjects: 0.277700 ms CreateObjectMapping: 0.297300 ms MarkObjects: 2.350800 ms  DeleteObjects: 0.269600 ms)

AssetImportParameters requested are different than current active one (requested -> active):
  custom:video-decoder-ogg-theora: a1e56fd34408186e4bbccfd4996cb3dc -> 
  custom:container-muxer-webm: aa71ff27fc2769a1b78a27578f13a17b -> 
  custom:container-demuxer-webm: 4f35f7cbe854078d1ac9338744f61a02 -> 
  custom:video-encoder-webm-vp8: eb34c28f22e8b96e1ab97ce403110664 -> 
  custom:video-codec-MediaFoundation-h265: 746d11721c4dcdbdad8f713fa42b33f4 -> 
  custom:audio-encoder-webm-vorbis: bf7c407c2cedff20999df2af8eb42d56 -> 
  custom:framework-win-MediaFoundation: 216162199b28c13a410421893ffa2e32 -> 
  custom:container-demuxer-ogg: 62fdf1f143b41e24485cea50d1cbac27 -> 
  custom:video-decoder-webm-vp8: 9c59270c3fd7afecdb556c50c9e8de78 -> 
  custom:audio-decoder-ogg-vorbis: bf7c407c2cedff20999df2af8eb42d56 -> 
========================================================================
Received Import Request.
  Time since last request: 572.083566 seconds.
  path: Assets/ThirdParty/Ultraleap/Tracking/Examples/Example Assets/PhysicMaterials/Slippery.physicMaterial
  artifactKey: Guid(21499581201963b4fba59af488b4b08c) Importer(815301076,1909f56bfc062723c751e8b465ee728b)
Start importing Assets/ThirdParty/Ultraleap/Tracking/Examples/Example Assets/PhysicMaterials/Slippery.physicMaterial using Guid(21499581201963b4fba59af488b4b08c) Importer(815301076,1909f56bfc062723c751e8b465ee728b)  -> (artifact id: 'bbca6472da01510f70a1e2990196837c') in 0.032613 seconds 
========================================================================
Received Import Request.
  Time since last request: 53.193584 seconds.
  path: Assets/TextMesh Pro/Examples & Extras/Materials/Ground - Surface Shader Scene.mat
  artifactKey: Guid(aadd5a709a48466c887296bb5b1b8110) Importer(815301076,1909f56bfc062723c751e8b465ee728b)
Start importing Assets/TextMesh Pro/Examples & Extras/Materials/Ground - Surface Shader Scene.mat using Guid(aadd5a709a48466c887296bb5b1b8110) Importer(815301076,1909f56bfc062723c751e8b465ee728b)  -> (artifact id: '4f80323dfbcbde9a501f1df2dcac3342') in 0.238659 seconds 
========================================================================
Received Import Request.
  Time since last request: 0.000040 seconds.
  path: Assets/TextMesh Pro/Examples & Extras/Materials/Small Crate_diffuse.mat
  artifactKey: Guid(22262639920f43d6be32430e4e58350d) Importer(815301076,1909f56bfc062723c751e8b465ee728b)
Start importing Assets/TextMesh Pro/Examples & Extras/Materials/Small Crate_diffuse.mat using Guid(22262639920f43d6be32430e4e58350d) Importer(815301076,1909f56bfc062723c751e8b465ee728b)  -> (artifact id: '8140450fa642aef99564f8d7984c374f') in 0.195868 seconds 
========================================================================
Received Import Request.
  Time since last request: 0.000033 seconds.
  path: Assets/TextMesh Pro/Resources/Fonts & Materials/LiberationSans SDF - Outline.mat
  artifactKey: Guid(79459efec17a4d00a321bdcc27bbc385) Importer(815301076,1909f56bfc062723c751e8b465ee728b)
Start importing Assets/TextMesh Pro/Resources/Fonts & Materials/LiberationSans SDF - Outline.mat using Guid(79459efec17a4d00a321bdcc27bbc385) Importer(815301076,1909f56bfc062723c751e8b465ee728b)  -> (artifact id: 'cb6b02fb6cea68b4891fafdcd07abcb5') in 0.068918 seconds 
========================================================================
Received Import Request.
  Time since last request: 0.000022 seconds.
  path: Assets/ThirdParty/Ultraleap/Tracking/Examples/Example Assets/Materials/Red Standard.mat
  artifactKey: Guid(51ee002e89aeabf45adc1f83587093ab) Importer(815301076,1909f56bfc062723c751e8b465ee728b)
Start importing Assets/ThirdParty/Ultraleap/Tracking/Examples/Example Assets/Materials/Red Standard.mat using Guid(51ee002e89aeabf45adc1f83587093ab) Importer(815301076,1909f56bfc062723c751e8b465ee728b)  -> (artifact id: 'd2a7bcfdeec51b17b65a8790941db0ec') in 0.089034 seconds 
========================================================================
Received Import Request.
  Time since last request: 0.000029 seconds.
  path: Assets/ThirdParty/Ultraleap/Tracking/Examples/Example Assets/Materials/Red Dark Standard.mat
  artifactKey: Guid(da67de850ecf2ee4ca13ab3720fed439) Importer(815301076,1909f56bfc062723c751e8b465ee728b)
Start importing Assets/ThirdParty/Ultraleap/Tracking/Examples/Example Assets/Materials/Red Dark Standard.mat using Guid(da67de850ecf2ee4ca13ab3720fed439) Importer(815301076,1909f56bfc062723c751e8b465ee728b)  -> (artifact id: '5e4f08ba8dc0758b18fe419c0fbcaead') in 0.015878 seconds 
========================================================================
Received Import Request.
  Time since last request: 0.000020 seconds.
  path: Assets/ThirdParty/Ultraleap/Tracking/Examples/Example Assets/Materials/IE Example Anchor Magenta.mat
  artifactKey: Guid(b9d3f1e940eda314f8637d959a3a516c) Importer(815301076,1909f56bfc062723c751e8b465ee728b)
Start importing Assets/ThirdParty/Ultraleap/Tracking/Examples/Example Assets/Materials/IE Example Anchor Magenta.mat using Guid(b9d3f1e940eda314f8637d959a3a516c) Importer(815301076,1909f56bfc062723c751e8b465ee728b)  -> (artifact id: '0e1fc98587433ef0870a45137759409c') in 0.014069 seconds 
========================================================================
Received Import Request.
  Time since last request: 0.000019 seconds.
  path: Assets/ThirdParty/Ultraleap/Tracking/Examples/Example Assets/Hands (URP)/Materials/URP_Ghost.mat
  artifactKey: Guid(400a433f45caaef479e1261bce152676) Importer(815301076,1909f56bfc062723c751e8b465ee728b)
Start importing Assets/ThirdParty/Ultraleap/Tracking/Examples/Example Assets/Hands (URP)/Materials/URP_Ghost.mat using Guid(400a433f45caaef479e1261bce152676) Importer(815301076,1909f56bfc062723c751e8b465ee728b)  -> (artifact id: '1f7663eaa1cfb483ae68791b14aa4e72') in 0.022261 seconds 
========================================================================
Received Import Request.
  Time since last request: 0.000039 seconds.
  path: Assets/ThirdParty/Ultraleap/Tracking/Examples/Example Assets/Font/Now-Medium SDF.asset
  artifactKey: Guid(342802517badcf44c811584e5b42a888) Importer(815301076,1909f56bfc062723c751e8b465ee728b)
Start importing Assets/ThirdParty/Ultraleap/Tracking/Examples/Example Assets/Font/Now-Medium SDF.asset using Guid(342802517badcf44c811584e5b42a888) Importer(815301076,1909f56bfc062723c751e8b465ee728b)  -> (artifact id: '3cd1138352c1c724ba93b0358b7e61f5') in 0.178544 seconds 
========================================================================
Received Import Request.
  Time since last request: 0.000038 seconds.
  path: Assets/ThirdParty/Ultraleap/Tracking/Examples/Example Assets/Materials/IE Example Prism Reflection Transparent.mat
  artifactKey: Guid(c12aa740729ba6647b92aafc5837f7f1) Importer(815301076,1909f56bfc062723c751e8b465ee728b)
Start importing Assets/ThirdParty/Ultraleap/Tracking/Examples/Example Assets/Materials/IE Example Prism Reflection Transparent.mat using Guid(c12aa740729ba6647b92aafc5837f7f1) Importer(815301076,1909f56bfc062723c751e8b465ee728b)  -> (artifact id: '04b24485eed67b9e9bbe6f97cb565935') in 0.028124 seconds 
========================================================================
Received Import Request.
  Time since last request: 0.000066 seconds.
  path: Assets/ThirdParty/Ultraleap/Tracking/Examples/Example Assets/Materials/IE Example Anchor Red.mat
  artifactKey: Guid(7b8e8fb53123e87458def40ee25598ae) Importer(815301076,1909f56bfc062723c751e8b465ee728b)
Start importing Assets/ThirdParty/Ultraleap/Tracking/Examples/Example Assets/Materials/IE Example Anchor Red.mat using Guid(7b8e8fb53123e87458def40ee25598ae) Importer(815301076,1909f56bfc062723c751e8b465ee728b)  -> (artifact id: '9ccccf64adcc61d4db1e98bb68a385d6') in 0.025723 seconds 
========================================================================
Received Import Request.
  Time since last request: 0.000057 seconds.
  path: Assets/ThirdParty/Ultraleap/Tracking/Examples/Example Assets/Materials/Interactable_Colour.mat
  artifactKey: Guid(94349080088ec1f409368ae9716f875e) Importer(815301076,1909f56bfc062723c751e8b465ee728b)
Start importing Assets/ThirdParty/Ultraleap/Tracking/Examples/Example Assets/Materials/Interactable_Colour.mat using Guid(94349080088ec1f409368ae9716f875e) Importer(815301076,1909f56bfc062723c751e8b465ee728b)  -> (artifact id: '97f806d918cced2d4a9657f03bf75e2e') in 0.024142 seconds 
========================================================================
Received Import Request.
  Time since last request: 0.000048 seconds.
  path: Assets/ThirdParty/Ultraleap/Tracking/Core/Runtime/Materials/UL Dark Gray Matte.mat
  artifactKey: Guid(0a4f0f53de1c05f4fbf6ae82bce5b695) Importer(815301076,1909f56bfc062723c751e8b465ee728b)
Start importing Assets/ThirdParty/Ultraleap/Tracking/Core/Runtime/Materials/UL Dark Gray Matte.mat using Guid(0a4f0f53de1c05f4fbf6ae82bce5b695) Importer(815301076,1909f56bfc062723c751e8b465ee728b)  -> (artifact id: '0584d8dd8b59c6009a5da4fb8aa67a90') in 0.022090 seconds 
========================================================================
Received Import Request.
  Time since last request: 0.000025 seconds.
  path: Assets/ThirdParty/Ultraleap/Tracking/Examples/Example Assets/Materials/IE Example Button Top Magenta.mat
  artifactKey: Guid(c3668e6cfed1245449b1c77a171b328a) Importer(815301076,1909f56bfc062723c751e8b465ee728b)
Start importing Assets/ThirdParty/Ultraleap/Tracking/Examples/Example Assets/Materials/IE Example Button Top Magenta.mat using Guid(c3668e6cfed1245449b1c77a171b328a) Importer(815301076,1909f56bfc062723c751e8b465ee728b)  -> (artifact id: '1e76ec69c9289b0aa42c5fb6b9506fd1') in 0.021205 seconds 
========================================================================
Received Import Request.
  Time since last request: 0.000022 seconds.
  path: Assets/ThirdParty/Ultraleap/Tracking/Examples/Example Assets/Hands (URP)/Materials/URP_Outline_Base.mat
  artifactKey: Guid(e7651a03291328040a35844843863bf3) Importer(815301076,1909f56bfc062723c751e8b465ee728b)
Start importing Assets/ThirdParty/Ultraleap/Tracking/Examples/Example Assets/Hands (URP)/Materials/URP_Outline_Base.mat using Guid(e7651a03291328040a35844843863bf3) Importer(815301076,1909f56bfc062723c751e8b465ee728b)  -> (artifact id: '9d6c2247f2f83c10b9f5273083fd7c1d') in 0.018096 seconds 
========================================================================
Received Import Request.
  Time since last request: 0.000035 seconds.
  path: Assets/ThirdParty/Ultraleap/Tracking/Examples/Example Assets/Materials/No Name.mat
  artifactKey: Guid(0e06bc9005c025b4aa939d31f6e78e20) Importer(815301076,1909f56bfc062723c751e8b465ee728b)
Start importing Assets/ThirdParty/Ultraleap/Tracking/Examples/Example Assets/Materials/No Name.mat using Guid(0e06bc9005c025b4aa939d31f6e78e20) Importer(815301076,1909f56bfc062723c751e8b465ee728b)  -> (artifact id: '55f0334dbfc3bc4a09fc7bab9fa9d264') in 0.017119 seconds 
========================================================================
Received Import Request.
  Time since last request: 0.000037 seconds.
  path: Assets/ThirdParty/Ultraleap/Tracking/Examples/Example Assets/Hands (URP)/Materials/URP_Base.mat
  artifactKey: Guid(81a6f3c977c1c3e42b7f20c573588fc9) Importer(815301076,1909f56bfc062723c751e8b465ee728b)
Start importing Assets/ThirdParty/Ultraleap/Tracking/Examples/Example Assets/Hands (URP)/Materials/URP_Base.mat using Guid(81a6f3c977c1c3e42b7f20c573588fc9) Importer(815301076,1909f56bfc062723c751e8b465ee728b)  -> (artifact id: 'd096cd11d691c433ea7af26f002209a9') in 0.020287 seconds 
========================================================================
Received Import Request.
  Time since last request: 0.000027 seconds.
  path: Assets/ThirdParty/Ultraleap/Tracking/Examples/Example Assets/Materials/IE Example Gray Matte.mat
  artifactKey: Guid(8eca0b31e096dbb4e9ec168e385043a9) Importer(815301076,1909f56bfc062723c751e8b465ee728b)
Start importing Assets/ThirdParty/Ultraleap/Tracking/Examples/Example Assets/Materials/IE Example Gray Matte.mat using Guid(8eca0b31e096dbb4e9ec168e385043a9) Importer(815301076,1909f56bfc062723c751e8b465ee728b)  -> (artifact id: 'd93f7a842e5c57ee52ab936e58de49fc') in 0.018857 seconds 
========================================================================
Received Import Request.
  Time since last request: 0.000036 seconds.
  path: Assets/TextMesh Pro/Resources/Fonts & Materials/LiberationSans SDF - Drop Shadow.mat
  artifactKey: Guid(e73a58f6e2794ae7b1b7e50b7fb811b0) Importer(815301076,1909f56bfc062723c751e8b465ee728b)
Start importing Assets/TextMesh Pro/Resources/Fonts & Materials/LiberationSans SDF - Drop Shadow.mat using Guid(e73a58f6e2794ae7b1b7e50b7fb811b0) Importer(815301076,1909f56bfc062723c751e8b465ee728b)  -> (artifact id: '07c88ccd3fc0c7f436e9f29a0c958950') in 0.068112 seconds 
========================================================================
Received Import Request.
  Time since last request: 0.000026 seconds.
  path: Assets/ThirdParty/Ultraleap/Tracking/Examples/Example Assets/Materials/TurntableLine.mat
  artifactKey: Guid(c9dc7e267aac0b84eb907505fd44216d) Importer(815301076,1909f56bfc062723c751e8b465ee728b)
Start importing Assets/ThirdParty/Ultraleap/Tracking/Examples/Example Assets/Materials/TurntableLine.mat using Guid(c9dc7e267aac0b84eb907505fd44216d) Importer(815301076,1909f56bfc062723c751e8b465ee728b)  -> (artifact id: 'e4290782c31dcd527aae15d8e3a42b1c') in 0.137468 seconds 
========================================================================
Received Import Request.
  Time since last request: 0.000039 seconds.
  path: Assets/ThirdParty/Ultraleap/Tracking/Core/Runtime/Materials/UL White Matte.mat
  artifactKey: Guid(096ddc0e634f20e428314bcd3d23e616) Importer(815301076,1909f56bfc062723c751e8b465ee728b)
Start importing Assets/ThirdParty/Ultraleap/Tracking/Core/Runtime/Materials/UL White Matte.mat using Guid(096ddc0e634f20e428314bcd3d23e616) Importer(815301076,1909f56bfc062723c751e8b465ee728b)  -> (artifact id: 'ef105ce7fed86006d56b44f0df68571a') in 0.016496 seconds 
========================================================================
Received Import Request.
  Time since last request: 0.000018 seconds.
  path: Assets/TextMesh Pro/Resources/Fonts & Materials/LiberationSans SDF.asset
  artifactKey: Guid(8f586378b4e144a9851e7b34d9b748ee) Importer(815301076,1909f56bfc062723c751e8b465ee728b)
Start importing Assets/TextMesh Pro/Resources/Fonts & Materials/LiberationSans SDF.asset using Guid(8f586378b4e144a9851e7b34d9b748ee) Importer(815301076,1909f56bfc062723c751e8b465ee728b)  -> (artifact id: 'ca514a4c47583664d6e40532551aeb1a') in 0.033073 seconds 
========================================================================
Received Import Request.
  Time since last request: 0.000026 seconds.
  path: Assets/ThirdParty/Ultraleap/Tracking/Examples/Example Assets/Materials/IE Example Panel Blue.mat
  artifactKey: Guid(f5a3b806279e74b44b5bf9c4080225be) Importer(815301076,1909f56bfc062723c751e8b465ee728b)
Start importing Assets/ThirdParty/Ultraleap/Tracking/Examples/Example Assets/Materials/IE Example Panel Blue.mat using Guid(f5a3b806279e74b44b5bf9c4080225be) Importer(815301076,1909f56bfc062723c751e8b465ee728b)  -> (artifact id: '51bbbc166ac0708a394b4d86f1f285e1') in 0.016455 seconds 
========================================================================
Received Import Request.
  Time since last request: 0.000025 seconds.
  path: Assets/ThirdParty/Ultraleap/Tracking/Examples/Example Assets/Materials/IE Example Button Top Red.mat
  artifactKey: Guid(dc45d6090197f2d439bcbcc7422683b5) Importer(815301076,1909f56bfc062723c751e8b465ee728b)
Start importing Assets/ThirdParty/Ultraleap/Tracking/Examples/Example Assets/Materials/IE Example Button Top Red.mat using Guid(dc45d6090197f2d439bcbcc7422683b5) Importer(815301076,1909f56bfc062723c751e8b465ee728b)  -> (artifact id: '0a216f58f5f8923390965cbb5f735b36') in 0.015803 seconds 
========================================================================
Received Import Request.
  Time since last request: 0.000019 seconds.
  path: Assets/ThirdParty/Ultraleap/Tracking/Hands/Runtime/Models/Low Poly/LowPolyHand.mat
  artifactKey: Guid(1fd8aa3f304829c4f9a70ae3331a8bdc) Importer(815301076,1909f56bfc062723c751e8b465ee728b)
Start importing Assets/ThirdParty/Ultraleap/Tracking/Hands/Runtime/Models/Low Poly/LowPolyHand.mat using Guid(1fd8aa3f304829c4f9a70ae3331a8bdc) Importer(815301076,1909f56bfc062723c751e8b465ee728b)  -> (artifact id: 'a243d62724c97094201cffa10c9e924b') in 0.014347 seconds 
========================================================================
Received Import Request.
  Time since last request: 0.000018 seconds.
  path: Assets/ThirdParty/Ultraleap/Tracking/Hands/Runtime/Models/GenericHand/GenericHand.fbx
  artifactKey: Guid(4577231256ebec149ac8882d93c98cda) Importer(815301076,1909f56bfc062723c751e8b465ee728b)
Start importing Assets/ThirdParty/Ultraleap/Tracking/Hands/Runtime/Models/GenericHand/GenericHand.fbx using Guid(4577231256ebec149ac8882d93c98cda) Importer(815301076,1909f56bfc062723c751e8b465ee728b)  -> (artifact id: '2d5e7f6f30b1258fc9476b28464e78c4') in 0.056338 seconds 
========================================================================
Received Import Request.
  Time since last request: 0.000023 seconds.
  path: Assets/ThirdParty/Ultraleap/Tracking/Examples/Example Assets/Materials/IE Example Prism Red Inner.mat
  artifactKey: Guid(fe8d338c2c6190046ab9cde3a05d52d8) Importer(815301076,1909f56bfc062723c751e8b465ee728b)
Start importing Assets/ThirdParty/Ultraleap/Tracking/Examples/Example Assets/Materials/IE Example Prism Red Inner.mat using Guid(fe8d338c2c6190046ab9cde3a05d52d8) Importer(815301076,1909f56bfc062723c751e8b465ee728b)  -> (artifact id: 'c52d0f12a5f8dd3f4507ae62fd69090a') in 0.182946 seconds 
========================================================================
Received Import Request.
  Time since last request: 0.000051 seconds.
  path: Assets/ThirdParty/Ultraleap/Tracking/Examples/Example Assets/Font/Now-Bold SDF.asset
  artifactKey: Guid(8e284a199df826847a55dad22f66db6d) Importer(815301076,1909f56bfc062723c751e8b465ee728b)
Start importing Assets/ThirdParty/Ultraleap/Tracking/Examples/Example Assets/Font/Now-Bold SDF.asset using Guid(8e284a199df826847a55dad22f66db6d) Importer(815301076,1909f56bfc062723c751e8b465ee728b)  -> (artifact id: '7bbc66beb737ba050bfd1076a66bf90a') in 0.034045 seconds 
========================================================================
Received Import Request.
  Time since last request: 0.000055 seconds.
  path: Assets/ThirdParty/Ultraleap/Tracking/Examples/Example Assets/Materials/IE Example Button Top Blue.mat
  artifactKey: Guid(cc811fdfe128d1645a49b0bed5b1cf28) Importer(815301076,1909f56bfc062723c751e8b465ee728b)
Start importing Assets/ThirdParty/Ultraleap/Tracking/Examples/Example Assets/Materials/IE Example Button Top Blue.mat using Guid(cc811fdfe128d1645a49b0bed5b1cf28) Importer(815301076,1909f56bfc062723c751e8b465ee728b)  -> (artifact id: '7bb8f69f57aa838381df11aebeeebe65') in 0.016622 seconds 
========================================================================
Received Import Request.
  Time since last request: 0.000022 seconds.
  path: Assets/ThirdParty/Ultraleap/Tracking/Examples/Example Assets/Materials/IE Example Slippery Floor.mat
  artifactKey: Guid(4f57ce981e8d73e4bad6f876b171592f) Importer(815301076,1909f56bfc062723c751e8b465ee728b)
Start importing Assets/ThirdParty/Ultraleap/Tracking/Examples/Example Assets/Materials/IE Example Slippery Floor.mat using Guid(4f57ce981e8d73e4bad6f876b171592f) Importer(815301076,1909f56bfc062723c751e8b465ee728b)  -> (artifact id: '47e532355fdce93b72ff05afdbf6b129') in 0.017195 seconds 
========================================================================
Received Import Request.
  Time since last request: 0.000034 seconds.
  path: Assets/ThirdParty/Ultraleap/Tracking/Examples/Example Assets/Materials/IE Example Prism Red.mat
  artifactKey: Guid(715d23d2330038e4997eaf7979f4d64f) Importer(815301076,1909f56bfc062723c751e8b465ee728b)
Start importing Assets/ThirdParty/Ultraleap/Tracking/Examples/Example Assets/Materials/IE Example Prism Red.mat using Guid(715d23d2330038e4997eaf7979f4d64f) Importer(815301076,1909f56bfc062723c751e8b465ee728b)  -> (artifact id: '73eebcb8c8774e5ad6035f1cfa3f6820') in 0.109970 seconds 
========================================================================
Received Import Request.
  Time since last request: 0.000023 seconds.
  path: Assets/TextMesh Pro/Examples & Extras/Resources/Fonts & Materials/Roboto-Bold SDF - Drop Shadow.mat
  artifactKey: Guid(b246c4190f4e46ec9352fe15a7b09ce0) Importer(815301076,1909f56bfc062723c751e8b465ee728b)
Start importing Assets/TextMesh Pro/Examples & Extras/Resources/Fonts & Materials/Roboto-Bold SDF - Drop Shadow.mat using Guid(b246c4190f4e46ec9352fe15a7b09ce0) Importer(815301076,1909f56bfc062723c751e8b465ee728b)  -> (artifact id: '8653485a9785af663c8de1ff63af6e84') in 0.014401 seconds 
========================================================================
Received Import Request.
  Time since last request: 0.000031 seconds.
  path: Assets/ThirdParty/Ultraleap/Tracking/Examples/Example Assets/Materials/IE Example Prism Blue Inner.mat
  artifactKey: Guid(f99be3eba6be7de469f615e931e32b0f) Importer(815301076,1909f56bfc062723c751e8b465ee728b)
Start importing Assets/ThirdParty/Ultraleap/Tracking/Examples/Example Assets/Materials/IE Example Prism Blue Inner.mat using Guid(f99be3eba6be7de469f615e931e32b0f) Importer(815301076,1909f56bfc062723c751e8b465ee728b)  -> (artifact id: '105e29cd742685f8f34b94002a6d3810') in 0.020807 seconds 
========================================================================
Received Import Request.
  Time since last request: 0.000030 seconds.
  path: Assets/ThirdParty/Ultraleap/Tracking/Hands/Runtime/Models/GenericHand/Outline.mat
  artifactKey: Guid(205eb13c26243634c9e71c8adc6440b7) Importer(815301076,1909f56bfc062723c751e8b465ee728b)
Start importing Assets/ThirdParty/Ultraleap/Tracking/Hands/Runtime/Models/GenericHand/Outline.mat using Guid(205eb13c26243634c9e71c8adc6440b7) Importer(815301076,1909f56bfc062723c751e8b465ee728b)  -> (artifact id: 'ccd25cc1097edb930e8e64ad9993909f') in 0.019897 seconds 
========================================================================
Received Import Request.
  Time since last request: 0.000035 seconds.
  path: Assets/ThirdParty/Ultraleap/Tracking/Examples/Example Assets/Materials/Mid Gray.mat
  artifactKey: Guid(fa58d5df62bb71b40a32eec05500bcf1) Importer(815301076,1909f56bfc062723c751e8b465ee728b)
Start importing Assets/ThirdParty/Ultraleap/Tracking/Examples/Example Assets/Materials/Mid Gray.mat using Guid(fa58d5df62bb71b40a32eec05500bcf1) Importer(815301076,1909f56bfc062723c751e8b465ee728b)  -> (artifact id: 'b26aa1032152ecb3f19e48ef739bd89a') in 0.017443 seconds 
========================================================================
Received Import Request.
  Time since last request: 0.000040 seconds.
  path: Assets/ThirdParty/Ultraleap/Tracking/Examples/Example Assets/Materials/IE Example SphereY.mat
  artifactKey: Guid(d4042b3053c957348b6879e3aa751969) Importer(815301076,1909f56bfc062723c751e8b465ee728b)
Start importing Assets/ThirdParty/Ultraleap/Tracking/Examples/Example Assets/Materials/IE Example SphereY.mat using Guid(d4042b3053c957348b6879e3aa751969) Importer(815301076,1909f56bfc062723c751e8b465ee728b)  -> (artifact id: '16a13416b25c57329c6ffd036621d7ff') in 0.017867 seconds 
========================================================================
Received Import Request.
  Time since last request: 0.000029 seconds.
  path: Assets/TextMesh Pro/Examples & Extras/Resources/Fonts & Materials/Oswald Bold SDF.asset
  artifactKey: Guid(0161d805a3764c089bef00bfe00793f5) Importer(815301076,1909f56bfc062723c751e8b465ee728b)
Start importing Assets/TextMesh Pro/Examples & Extras/Resources/Fonts & Materials/Oswald Bold SDF.asset using Guid(0161d805a3764c089bef00bfe00793f5) Importer(815301076,1909f56bfc062723c751e8b465ee728b)  -> (artifact id: '9ba3785ab89002733ad94b240bec11b1') in 0.020154 seconds 
========================================================================
Received Import Request.
  Time since last request: 0.000027 seconds.
  path: Assets/ThirdParty/Ultraleap/Tracking/Examples/Example Assets/Materials/IE Example SphereZ.mat
  artifactKey: Guid(896523dcb08797746b7118238fe354db) Importer(815301076,1909f56bfc062723c751e8b465ee728b)
Start importing Assets/ThirdParty/Ultraleap/Tracking/Examples/Example Assets/Materials/IE Example SphereZ.mat using Guid(896523dcb08797746b7118238fe354db) Importer(815301076,1909f56bfc062723c751e8b465ee728b)  -> (artifact id: 'b06472f9a3c4b2c18f7a8c89d73a13a2') in 0.018037 seconds 
========================================================================
Received Import Request.
  Time since last request: 0.000026 seconds.
  path: Assets/TextMesh Pro/Examples & Extras/Resources/Fonts & Materials/LiberationSans SDF - Metalic Green.mat
  artifactKey: Guid(8b29aaa3eec7468097ff07adfcf29ac9) Importer(815301076,1909f56bfc062723c751e8b465ee728b)
Start importing Assets/TextMesh Pro/Examples & Extras/Resources/Fonts & Materials/LiberationSans SDF - Metalic Green.mat using Guid(8b29aaa3eec7468097ff07adfcf29ac9) Importer(815301076,1909f56bfc062723c751e8b465ee728b)  -> (artifact id: 'fe08dd869c84abfdfe43c5c04ea45009') in 0.116971 seconds 
========================================================================
Received Import Request.
  Time since last request: 0.000025 seconds.
  path: Assets/ThirdParty/Ultraleap/Tracking/Examples/Example Assets/Materials/IE Example SphereX.mat
  artifactKey: Guid(86566622ce0c16442bec9518e6c48937) Importer(815301076,1909f56bfc062723c751e8b465ee728b)
Start importing Assets/ThirdParty/Ultraleap/Tracking/Examples/Example Assets/Materials/IE Example SphereX.mat using Guid(86566622ce0c16442bec9518e6c48937) Importer(815301076,1909f56bfc062723c751e8b465ee728b)  -> (artifact id: '08282117c19d5b6133cbe5bb8768eab9') in 0.020977 seconds 
========================================================================
Received Import Request.
  Time since last request: 0.000047 seconds.
  path: Assets/TextMesh Pro/Examples & Extras/Resources/Fonts & Materials/LiberationSans SDF - Soft Mask.mat
  artifactKey: Guid(42df1c7856584b6b8db9a509b6b10074) Importer(815301076,1909f56bfc062723c751e8b465ee728b)
Start importing Assets/TextMesh Pro/Examples & Extras/Resources/Fonts & Materials/LiberationSans SDF - Soft Mask.mat using Guid(42df1c7856584b6b8db9a509b6b10074) Importer(815301076,1909f56bfc062723c751e8b465ee728b)  -> (artifact id: '302bcf6cb556acd4e7d2930c1ab36215') in 0.024710 seconds 
========================================================================
Received Import Request.
  Time since last request: 1.337616 seconds.
  path: Assets/ThirdParty/Ultraleap/Tracking/Examples/Example Assets/Materials/Flat.mat
  artifactKey: Guid(b8cc224159b06514f97cec1f92e6f071) Importer(815301076,1909f56bfc062723c751e8b465ee728b)
Start importing Assets/ThirdParty/Ultraleap/Tracking/Examples/Example Assets/Materials/Flat.mat using Guid(b8cc224159b06514f97cec1f92e6f071) Importer(815301076,1909f56bfc062723c751e8b465ee728b)  -> (artifact id: '9b315e7116dd76d3fe3e6f169d1cf28a') in 0.017430 seconds 
========================================================================
Received Import Request.
  Time since last request: 0.000021 seconds.
  path: Assets/ThirdParty/Ultraleap/Tracking/Examples/Example Assets/Font/Now-Regular.otf
  artifactKey: Guid(bbeaa8436640dcc498518820577e86a3) Importer(815301076,1909f56bfc062723c751e8b465ee728b)
Start importing Assets/ThirdParty/Ultraleap/Tracking/Examples/Example Assets/Font/Now-Regular.otf using Guid(bbeaa8436640dcc498518820577e86a3) Importer(815301076,1909f56bfc062723c751e8b465ee728b)  -> (artifact id: 'dae5bd5c05ca246176b9c3e1d14a51df') in 0.031399 seconds 
========================================================================
Received Import Request.
  Time since last request: 0.000026 seconds.
  path: Assets/ThirdParty/Ultraleap/Tracking/Examples/Example Assets/Materials/Gradient Skybox.mat
  artifactKey: Guid(a19f3d584ac09014da308d07437d1077) Importer(815301076,1909f56bfc062723c751e8b465ee728b)
Start importing Assets/ThirdParty/Ultraleap/Tracking/Examples/Example Assets/Materials/Gradient Skybox.mat using Guid(a19f3d584ac09014da308d07437d1077) Importer(815301076,1909f56bfc062723c751e8b465ee728b)  -> (artifact id: '805bf6102a2681f78609e250f46fa924') in 0.020514 seconds 
========================================================================
Received Import Request.
  Time since last request: 0.000023 seconds.
  path: Assets/ThirdParty/Ultraleap/Tracking/Examples/Example Assets/Materials/Green Standard.mat
  artifactKey: Guid(1c98be40e6a99764cb9e35b111f81340) Importer(815301076,1909f56bfc062723c751e8b465ee728b)
Start importing Assets/ThirdParty/Ultraleap/Tracking/Examples/Example Assets/Materials/Green Standard.mat using Guid(1c98be40e6a99764cb9e35b111f81340) Importer(815301076,1909f56bfc062723c751e8b465ee728b)  -> (artifact id: '4a7c75dbd08673ecbd8ea28d74f8545c') in 0.017836 seconds 
========================================================================
Received Import Request.
  Time since last request: 0.000029 seconds.
  path: Assets/TextMesh Pro/Examples & Extras/Resources/Fonts & Materials/Anton SDF.asset
  artifactKey: Guid(8a89fa14b10d46a99122fd4f73fca9a2) Importer(815301076,1909f56bfc062723c751e8b465ee728b)
Start importing Assets/TextMesh Pro/Examples & Extras/Resources/Fonts & Materials/Anton SDF.asset using Guid(8a89fa14b10d46a99122fd4f73fca9a2) Importer(815301076,1909f56bfc062723c751e8b465ee728b)  -> (artifact id: '71dbf071a6bf04b53eac7604b56ba6c0') in 0.019489 seconds 
========================================================================
Received Import Request.
  Time since last request: 0.000028 seconds.
  path: Assets/TextMesh Pro/Examples & Extras/Resources/Fonts & Materials/Electronic Highway Sign SDF.asset
  artifactKey: Guid(dc36b3fdc14f47ebb36fd484a67e268a) Importer(815301076,1909f56bfc062723c751e8b465ee728b)
Start importing Assets/TextMesh Pro/Examples & Extras/Resources/Fonts & Materials/Electronic Highway Sign SDF.asset using Guid(dc36b3fdc14f47ebb36fd484a67e268a) Importer(815301076,1909f56bfc062723c751e8b465ee728b)  -> (artifact id: '67018fc03170568b5716095307d0aaeb') in 0.017581 seconds 
========================================================================
Received Import Request.
  Time since last request: 0.000024 seconds.
  path: Assets/ThirdParty/Ultraleap/Tracking/Examples/Example Assets/Materials/Attachment Hands Example Red.mat
  artifactKey: Guid(113742fcb5ec3254e96c40315b70f248) Importer(815301076,1909f56bfc062723c751e8b465ee728b)
Start importing Assets/ThirdParty/Ultraleap/Tracking/Examples/Example Assets/Materials/Attachment Hands Example Red.mat using Guid(113742fcb5ec3254e96c40315b70f248) Importer(815301076,1909f56bfc062723c751e8b465ee728b)  -> (artifact id: 'c91a5dbd05980cd2bdce8f337ef54c1b') in 0.017755 seconds 
========================================================================
Received Import Request.
  Time since last request: 0.000022 seconds.
  path: Assets/ThirdParty/Ultraleap/Tracking/Examples/Example Assets/Materials/DottedLineMaterial.mat
  artifactKey: Guid(27f2e7b4eb9f7d340a6f8f3486e3e691) Importer(815301076,1909f56bfc062723c751e8b465ee728b)
Start importing Assets/ThirdParty/Ultraleap/Tracking/Examples/Example Assets/Materials/DottedLineMaterial.mat using Guid(27f2e7b4eb9f7d340a6f8f3486e3e691) Importer(815301076,1909f56bfc062723c751e8b465ee728b)  -> (artifact id: '4991061471d20d590deb75f48077df74') in 0.015076 seconds 
========================================================================
Received Import Request.
  Time since last request: 0.000025 seconds.
  path: Assets/TextMesh Pro/Examples & Extras/Resources/Fonts & Materials/Bangers SDF.asset
  artifactKey: Guid(125cb55b44b24c4393181402bc6200e6) Importer(815301076,1909f56bfc062723c751e8b465ee728b)
Start importing Assets/TextMesh Pro/Examples & Extras/Resources/Fonts & Materials/Bangers SDF.asset using Guid(125cb55b44b24c4393181402bc6200e6) Importer(815301076,1909f56bfc062723c751e8b465ee728b)  -> (artifact id: '1e63e26aaad46ecb0f9eb4fbf7ee71c2') in 0.017651 seconds 
========================================================================
Received Import Request.
  Time since last request: 0.000030 seconds.
  path: Assets/ThirdParty/Ultraleap/Tracking/Examples/Example Assets/Materials/Blue Dark Standard.mat
  artifactKey: Guid(ba8a2058b03e6714ca9d242b51bb0580) Importer(815301076,1909f56bfc062723c751e8b465ee728b)
Start importing Assets/ThirdParty/Ultraleap/Tracking/Examples/Example Assets/Materials/Blue Dark Standard.mat using Guid(ba8a2058b03e6714ca9d242b51bb0580) Importer(815301076,1909f56bfc062723c751e8b465ee728b)  -> (artifact id: '95449f62526c9b89fb5cdeeba423cc06') in 0.019405 seconds 
========================================================================
Received Import Request.
  Time since last request: 0.000024 seconds.
  path: Assets/TextMesh Pro/Examples & Extras/Resources/Fonts & Materials/Bangers SDF - Drop Shadow.mat
  artifactKey: Guid(f2dcf029949142e28b974630369c8b4e) Importer(815301076,1909f56bfc062723c751e8b465ee728b)
Start importing Assets/TextMesh Pro/Examples & Extras/Resources/Fonts & Materials/Bangers SDF - Drop Shadow.mat using Guid(f2dcf029949142e28b974630369c8b4e) Importer(815301076,1909f56bfc062723c751e8b465ee728b)  -> (artifact id: '2930ab90fc338dbc4bdc46b9a7ca7ba7') in 0.016719 seconds 
========================================================================
Received Import Request.
  Time since last request: 0.000030 seconds.
  path: Assets/TextMesh Pro/Examples & Extras/Fonts/Electronic Highway Sign.TTF
  artifactKey: Guid(8a2b9e2a607dd2143b58c44bc32410b4) Importer(815301076,1909f56bfc062723c751e8b465ee728b)
Start importing Assets/TextMesh Pro/Examples & Extras/Fonts/Electronic Highway Sign.TTF using Guid(8a2b9e2a607dd2143b58c44bc32410b4) Importer(815301076,1909f56bfc062723c751e8b465ee728b)  -> (artifact id: 'dfd284e5b1a8e15a9d5f3996cc27e8f9') in 0.019947 seconds 
========================================================================
Received Import Request.
  Time since last request: 0.000040 seconds.
  path: Assets/TextMesh Pro/Fonts/LiberationSans.ttf
  artifactKey: Guid(e3265ab4bf004d28a9537516768c1c75) Importer(815301076,1909f56bfc062723c751e8b465ee728b)
Start importing Assets/TextMesh Pro/Fonts/LiberationSans.ttf using Guid(e3265ab4bf004d28a9537516768c1c75) Importer(815301076,1909f56bfc062723c751e8b465ee728b)  -> (artifact id: 'f3bd036785823e2281556a384dd6489b') in 0.016955 seconds 
========================================================================
Received Import Request.
  Time since last request: 0.000030 seconds.
  path: Assets/ThirdParty/Ultraleap/Tracking/Hands/Runtime/Models/GenericHand/Ghost Hand_VerticalGradient.mat
  artifactKey: Guid(d05d6fda94d4cc44aada6be889e204f1) Importer(815301076,1909f56bfc062723c751e8b465ee728b)
Start importing Assets/ThirdParty/Ultraleap/Tracking/Hands/Runtime/Models/GenericHand/Ghost Hand_VerticalGradient.mat using Guid(d05d6fda94d4cc44aada6be889e204f1) Importer(815301076,1909f56bfc062723c751e8b465ee728b)  -> (artifact id: '8c0726a4e36752a6184981963edc168f') in 0.014198 seconds 
========================================================================
Received Import Request.
  Time since last request: 0.000027 seconds.
  path: Assets/ThirdParty/Ultraleap/Tracking/Core/Runtime/Materials/Passthrough/Background.mat
  artifactKey: Guid(5542e7d1f79ac814389a3f5fe0c55630) Importer(815301076,1909f56bfc062723c751e8b465ee728b)
Start importing Assets/ThirdParty/Ultraleap/Tracking/Core/Runtime/Materials/Passthrough/Background.mat using Guid(5542e7d1f79ac814389a3f5fe0c55630) Importer(815301076,1909f56bfc062723c751e8b465ee728b)  -> (artifact id: '7af9b2ef21653c058c8f93dc3d333266') in 0.017014 seconds 
========================================================================
Received Import Request.
  Time since last request: 0.000062 seconds.
  path: Assets/ThirdParty/Ultraleap/Tracking/Examples/Example Assets/Materials/Grey Transparent Standard.mat
  artifactKey: Guid(f151f4541c949d949aa6dd5050692396) Importer(815301076,1909f56bfc062723c751e8b465ee728b)
Start importing Assets/ThirdParty/Ultraleap/Tracking/Examples/Example Assets/Materials/Grey Transparent Standard.mat using Guid(f151f4541c949d949aa6dd5050692396) Importer(815301076,1909f56bfc062723c751e8b465ee728b)  -> (artifact id: '94a5fb4cb527cc9aebd637d424e27f18') in 0.019342 seconds 
========================================================================
Received Import Request.
  Time since last request: 0.000028 seconds.
  path: Assets/TextMesh Pro/Examples & Extras/Fonts/Bangers.ttf
  artifactKey: Guid(5dd49b3eacc540408c98eee0de38e0f1) Importer(815301076,1909f56bfc062723c751e8b465ee728b)
Start importing Assets/TextMesh Pro/Examples & Extras/Fonts/Bangers.ttf using Guid(5dd49b3eacc540408c98eee0de38e0f1) Importer(815301076,1909f56bfc062723c751e8b465ee728b)  -> (artifact id: '3f411dc487d862051c8615ed2fedf126') in 0.017784 seconds 
========================================================================
Received Import Request.
  Time since last request: 0.000021 seconds.
  path: Assets/TextMesh Pro/Examples & Extras/Resources/Fonts & Materials/Anton SDF - Outline.mat
  artifactKey: Guid(a00013af81304728b2be1f4309ee2433) Importer(815301076,1909f56bfc062723c751e8b465ee728b)
Start importing Assets/TextMesh Pro/Examples & Extras/Resources/Fonts & Materials/Anton SDF - Outline.mat using Guid(a00013af81304728b2be1f4309ee2433) Importer(815301076,1909f56bfc062723c751e8b465ee728b)  -> (artifact id: '9ac205e3b958d5b8d83c251a16005c1e') in 0.013978 seconds 
========================================================================
Received Import Request.
  Time since last request: 0.000040 seconds.
  path: Assets/TextMesh Pro/Examples & Extras/Materials/Ground - Logo Scene.mat
  artifactKey: Guid(c719e38f25a9480abd2480ab621a2949) Importer(815301076,1909f56bfc062723c751e8b465ee728b)
Start importing Assets/TextMesh Pro/Examples & Extras/Materials/Ground - Logo Scene.mat using Guid(c719e38f25a9480abd2480ab621a2949) Importer(815301076,1909f56bfc062723c751e8b465ee728b)  -> (artifact id: '4d69a158216d2b2a613f2185968f1b8f') in 0.013092 seconds 
========================================================================
Received Import Request.
  Time since last request: 0.000037 seconds.
  path: Assets/ThirdParty/Ultraleap/Tracking/Examples/Example Assets/Materials/Ghost Hand-PoseDetector.mat
  artifactKey: Guid(0a1229e751385b44a94303d90741224b) Importer(815301076,1909f56bfc062723c751e8b465ee728b)
Start importing Assets/ThirdParty/Ultraleap/Tracking/Examples/Example Assets/Materials/Ghost Hand-PoseDetector.mat using Guid(0a1229e751385b44a94303d90741224b) Importer(815301076,1909f56bfc062723c751e8b465ee728b)  -> (artifact id: '7ab6ce27769a0e804fdfaea684b9123a') in 0.021860 seconds 
========================================================================
Received Import Request.
  Time since last request: 0.000022 seconds.
  path: Assets/ThirdParty/Ultraleap/Tracking/Hands/Runtime/Models/GenericHand/Ghost Hand.mat
  artifactKey: Guid(4c1d8de22955e4a4c8dda3f54365517d) Importer(815301076,1909f56bfc062723c751e8b465ee728b)
Start importing Assets/ThirdParty/Ultraleap/Tracking/Hands/Runtime/Models/GenericHand/Ghost Hand.mat using Guid(4c1d8de22955e4a4c8dda3f54365517d) Importer(815301076,1909f56bfc062723c751e8b465ee728b)  -> (artifact id: '492f76c00ab3a380ee7ef34e9ae0d000') in 0.017653 seconds 
========================================================================
Received Import Request.
  Time since last request: 0.000029 seconds.
  path: Assets/ThirdParty/Ultraleap/Tracking/Core/Editor/Resources/TrackingVolumeVisualization/DeviceModelMat.mat
  artifactKey: Guid(80f64184eecfae142b284a854d04b075) Importer(815301076,1909f56bfc062723c751e8b465ee728b)
Start importing Assets/ThirdParty/Ultraleap/Tracking/Core/Editor/Resources/TrackingVolumeVisualization/DeviceModelMat.mat using Guid(80f64184eecfae142b284a854d04b075) Importer(815301076,1909f56bfc062723c751e8b465ee728b)  -> (artifact id: 'a181020f46567ded27bcb07185e290df') in 0.012273 seconds 
========================================================================
Received Import Request.
  Time since last request: 0.000031 seconds.
  path: Assets/ThirdParty/Ultraleap/Tracking/Examples/Example Assets/Font/Now-Medium.otf
  artifactKey: Guid(bf0143070710ad240a46cd716c21f39f) Importer(815301076,1909f56bfc062723c751e8b465ee728b)
Start importing Assets/ThirdParty/Ultraleap/Tracking/Examples/Example Assets/Font/Now-Medium.otf using Guid(bf0143070710ad240a46cd716c21f39f) Importer(815301076,1909f56bfc062723c751e8b465ee728b)  -> (artifact id: '1752e2f3e7f3a22a96e18260749bac00') in 0.016324 seconds 
Editor requested this worker to shutdown with reason: Scaling down because of idle timeout
AssetImportWorker is now disconnected from the server
Process exiting
Exiting without the bug reporter. Application will terminate with return code 0