Using pre-set license
Built from '2021.3/staging' branch; Version is '2021.3.16f1 (4016570cf34f) revision 4200023'; Using compiler version '192829333'; Build Type 'Release'
OS: 'Windows 11  (10.0.22621) 64bit Professional' Language: 'en' Physical Memory: 16059 MB
BatchMode: 1, IsHumanControllingUs: 0, StartBugReporterOnCrash: 0, Is64bit: 1, IsPro: 1

COMMAND LINE ARGUMENTS:
C:\Program Files\Unity\Hub\Editor\2021.3.16f1\Editor\Unity.exe
-adb2
-batchMode
-noUpm
-name
AssetImportWorker3
-projectPath
C:/Users/nonsk/Documents/GitHub/VR_practice/LeapInputPractice
-logFile
Logs/AssetImportWorker3.log
-srvPort
54654
Successfully changed project path to: C:/Users/nonsk/Documents/GitHub/VR_practice/LeapInputPractice
C:/Users/nonsk/Documents/GitHub/VR_practice/LeapInputPractice
[UnityMemory] Configuration Parameters - Can be set up in boot.config
    "memorysetup-bucket-allocator-granularity=16"
    "memorysetup-bucket-allocator-bucket-count=8"
    "memorysetup-bucket-allocator-block-size=33554432"
    "memorysetup-bucket-allocator-block-count=8"
    "memorysetup-main-allocator-block-size=16777216"
    "memorysetup-thread-allocator-block-size=16777216"
    "memorysetup-gfx-main-allocator-block-size=16777216"
    "memorysetup-gfx-thread-allocator-block-size=16777216"
    "memorysetup-cache-allocator-block-size=4194304"
    "memorysetup-typetree-allocator-block-size=2097152"
    "memorysetup-profiler-bucket-allocator-granularity=16"
    "memorysetup-profiler-bucket-allocator-bucket-count=8"
    "memorysetup-profiler-bucket-allocator-block-size=33554432"
    "memorysetup-profiler-bucket-allocator-block-count=8"
    "memorysetup-profiler-allocator-block-size=16777216"
    "memorysetup-profiler-editor-allocator-block-size=1048576"
    "memorysetup-temp-allocator-size-main=16777216"
    "memorysetup-job-temp-allocator-block-size=2097152"
    "memorysetup-job-temp-allocator-block-size-background=1048576"
    "memorysetup-job-temp-allocator-reduction-small-platforms=262144"
    "memorysetup-temp-allocator-size-background-worker=32768"
    "memorysetup-temp-allocator-size-job-worker=262144"
    "memorysetup-temp-allocator-size-preload-manager=33554432"
    "memorysetup-temp-allocator-size-nav-mesh-worker=65536"
    "memorysetup-temp-allocator-size-audio-worker=65536"
    "memorysetup-temp-allocator-size-cloud-worker=32768"
    "memorysetup-temp-allocator-size-gi-baking-worker=262144"
    "memorysetup-temp-allocator-size-gfx=262144"
Player connection [30628] Host "[IP] 172.16.136.172 [Port] 0 [Flags] 2 [Guid] 2739995894 [EditorId] 2739995894 [Version] 1048832 [Id] WindowsEditor(7,DESKTOP-2B5LC6C) [Debug] 1 [PackageName] WindowsEditor [ProjectName] Editor" joined multi-casting on [225.0.0.222:54997]...

Player connection [30628] Host "[IP] 172.16.136.172 [Port] 0 [Flags] 2 [Guid] 2739995894 [EditorId] 2739995894 [Version] 1048832 [Id] WindowsEditor(7,DESKTOP-2B5LC6C) [Debug] 1 [PackageName] WindowsEditor [ProjectName] Editor" joined alternative multi-casting on [225.0.0.222:34997]...

Refreshing native plugins compatible for Editor in 98.41 ms, found 5 plugins.
Preloading 0 native plugins for Editor in 0.00 ms.
Initialize engine version: 2021.3.16f1 (4016570cf34f)
[Subsystems] Discovering subsystems at path C:/Program Files/Unity/Hub/Editor/2021.3.16f1/Editor/Data/Resources/UnitySubsystems
[Subsystems] Discovering subsystems at path C:/Users/nonsk/Documents/GitHub/VR_practice/LeapInputPractice/Assets
GfxDevice: creating device client; threaded=0; jobified=0
Direct3D:
    Version:  Direct3D 11.0 [level 11.1]
    Renderer: NVIDIA GeForce GTX 1650 SUPER (ID=0x2187)
    Vendor:   NVIDIA
    VRAM:     3943 MB
    Driver:   31.0.15.2824
Initialize mono
Mono path[0] = 'C:/Program Files/Unity/Hub/Editor/2021.3.16f1/Editor/Data/Managed'
Mono path[1] = 'C:/Program Files/Unity/Hub/Editor/2021.3.16f1/Editor/Data/MonoBleedingEdge/lib/mono/unityjit-win32'
Mono config path = 'C:/Program Files/Unity/Hub/Editor/2021.3.16f1/Editor/Data/MonoBleedingEdge/etc'
Using monoOptions --debugger-agent=transport=dt_socket,embedding=1,server=y,suspend=n,address=127.0.0.1:56652
Begin MonoManager ReloadAssembly
Registering precompiled unity dll's ...
Register platform support module: C:/Program Files/Unity/Hub/Editor/2021.3.16f1/Editor/Data/PlaybackEngines/AndroidPlayer/UnityEditor.Android.Extensions.dll
Register platform support module: C:/Program Files/Unity/Hub/Editor/2021.3.16f1/Editor/Data/PlaybackEngines/WindowsStandaloneSupport/UnityEditor.WindowsStandalone.Extensions.dll
Registered in 0.004922 seconds.
Native extension for WindowsStandalone target not found
Native extension for Android target not found
Refreshing native plugins compatible for Editor in 76.37 ms, found 5 plugins.
Preloading 0 native plugins for Editor in 0.00 ms.
Mono: successfully reloaded assembly
- Completed reload, in  0.643 seconds
Domain Reload Profiling:
	ReloadAssembly (643ms)
		BeginReloadAssembly (105ms)
			ExecutionOrderSort (0ms)
			DisableScriptedObjects (0ms)
			BackupInstance (0ms)
			ReleaseScriptingObjects (0ms)
			CreateAndSetChildDomain (1ms)
		EndReloadAssembly (445ms)
			LoadAssemblies (104ms)
			RebuildTransferFunctionScriptingTraits (0ms)
			SetupTypeCache (111ms)
			ReleaseScriptCaches (0ms)
			RebuildScriptCaches (23ms)
			SetupLoadedEditorAssemblies (267ms)
				LogAssemblyErrors (0ms)
				InitializePlatformSupportModulesInManaged (56ms)
				SetLoadedEditorAssemblies (0ms)
				RefreshPlugins (76ms)
				BeforeProcessingInitializeOnLoad (1ms)
				ProcessInitializeOnLoadAttributes (92ms)
				ProcessInitializeOnLoadMethodAttributes (41ms)
				AfterProcessingInitializeOnLoad (0ms)
				EditorAssembliesLoaded (0ms)
			ExecutionOrderSort2 (0ms)
			AwakeInstancesAfterBackupRestoration (0ms)
Platform modules already initialized, skipping
Registering precompiled user dll's ...
Registered in 0.007502 seconds.
Begin MonoManager ReloadAssembly
Symbol file LoadedFromMemory doesn't match image C:\Users\nonsk\Documents\GitHub\VR_practice\LeapInputPractice\Library\PackageCache\com.unity.visualscripting@1.7.8\Editor\VisualScripting.Core\Dependencies\YamlDotNet\Unity.VisualScripting.YamlDotNet.dll
Symbol file LoadedFromMemory doesn't match image C:\Users\nonsk\Documents\GitHub\VR_practice\LeapInputPractice\Library\PackageCache\com.unity.visualscripting@1.7.8\Editor\VisualScripting.Core\Dependencies\DotNetZip\Unity.VisualScripting.IonicZip.dll
Native extension for WindowsStandalone target not found
Native extension for Android target not found
Refreshing native plugins compatible for Editor in 0.57 ms, found 5 plugins.
Preloading 0 native plugins for Editor in 0.00 ms.
Mono: successfully reloaded assembly
- Completed reload, in  1.123 seconds
Domain Reload Profiling:
	ReloadAssembly (1124ms)
		BeginReloadAssembly (208ms)
			ExecutionOrderSort (0ms)
			DisableScriptedObjects (6ms)
			BackupInstance (0ms)
			ReleaseScriptingObjects (0ms)
			CreateAndSetChildDomain (122ms)
		EndReloadAssembly (801ms)
			LoadAssemblies (126ms)
			RebuildTransferFunctionScriptingTraits (0ms)
			SetupTypeCache (271ms)
			ReleaseScriptCaches (0ms)
			RebuildScriptCaches (54ms)
			SetupLoadedEditorAssemblies (327ms)
				LogAssemblyErrors (0ms)
				InitializePlatformSupportModulesInManaged (12ms)
				SetLoadedEditorAssemblies (0ms)
				RefreshPlugins (1ms)
				BeforeProcessingInitializeOnLoad (75ms)
				ProcessInitializeOnLoadAttributes (211ms)
				ProcessInitializeOnLoadMethodAttributes (23ms)
				AfterProcessingInitializeOnLoad (5ms)
				EditorAssembliesLoaded (0ms)
			ExecutionOrderSort2 (0ms)
			AwakeInstancesAfterBackupRestoration (5ms)
Platform modules already initialized, skipping
========================================================================
Worker process is ready to serve import requests
Launched and connected shader compiler UnityShaderCompiler.exe after 0.04 seconds
Refreshing native plugins compatible for Editor in 0.58 ms, found 5 plugins.
Preloading 0 native plugins for Editor in 0.00 ms.
Unloading 3657 Unused Serialized files (Serialized files now loaded: 0)
Unloading 35 unused Assets / (390.2 KB). Loaded Objects now: 4110.
Memory consumption went from 130.8 MB to 130.4 MB.
Total: 3.689500 ms (FindLiveObjects: 0.283800 ms CreateObjectMapping: 0.189800 ms MarkObjects: 2.970000 ms  DeleteObjects: 0.245100 ms)

AssetImportParameters requested are different than current active one (requested -> active):
  custom:video-decoder-ogg-theora: a1e56fd34408186e4bbccfd4996cb3dc -> 
  custom:container-muxer-webm: aa71ff27fc2769a1b78a27578f13a17b -> 
  custom:container-demuxer-webm: 4f35f7cbe854078d1ac9338744f61a02 -> 
  custom:video-encoder-webm-vp8: eb34c28f22e8b96e1ab97ce403110664 -> 
  custom:video-codec-MediaFoundation-h265: 746d11721c4dcdbdad8f713fa42b33f4 -> 
  custom:audio-encoder-webm-vorbis: bf7c407c2cedff20999df2af8eb42d56 -> 
  custom:framework-win-MediaFoundation: 216162199b28c13a410421893ffa2e32 -> 
  custom:container-demuxer-ogg: 62fdf1f143b41e24485cea50d1cbac27 -> 
  custom:video-decoder-webm-vp8: 9c59270c3fd7afecdb556c50c9e8de78 -> 
  custom:audio-decoder-ogg-vorbis: bf7c407c2cedff20999df2af8eb42d56 -> 
========================================================================
Received Prepare
Registering precompiled user dll's ...
Registered in 0.005461 seconds.
Begin MonoManager ReloadAssembly
Symbol file LoadedFromMemory doesn't match image C:\Users\nonsk\Documents\GitHub\VR_practice\LeapInputPractice\Library\PackageCache\com.unity.visualscripting@1.7.8\Editor\VisualScripting.Core\Dependencies\YamlDotNet\Unity.VisualScripting.YamlDotNet.dll
Symbol file LoadedFromMemory doesn't match image C:\Users\nonsk\Documents\GitHub\VR_practice\LeapInputPractice\Library\PackageCache\com.unity.visualscripting@1.7.8\Editor\VisualScripting.Core\Dependencies\DotNetZip\Unity.VisualScripting.IonicZip.dll
Native extension for WindowsStandalone target not found
Native extension for Android target not found
Refreshing native plugins compatible for Editor in 0.60 ms, found 5 plugins.
Preloading 0 native plugins for Editor in 0.00 ms.
Mono: successfully reloaded assembly
- Completed reload, in  0.901 seconds
Domain Reload Profiling:
	ReloadAssembly (901ms)
		BeginReloadAssembly (110ms)
			ExecutionOrderSort (0ms)
			DisableScriptedObjects (5ms)
			BackupInstance (0ms)
			ReleaseScriptingObjects (0ms)
			CreateAndSetChildDomain (32ms)
		EndReloadAssembly (706ms)
			LoadAssemblies (69ms)
			RebuildTransferFunctionScriptingTraits (0ms)
			SetupTypeCache (262ms)
			ReleaseScriptCaches (1ms)
			RebuildScriptCaches (42ms)
			SetupLoadedEditorAssemblies (289ms)
				LogAssemblyErrors (0ms)
				InitializePlatformSupportModulesInManaged (18ms)
				SetLoadedEditorAssemblies (0ms)
				RefreshPlugins (1ms)
				BeforeProcessingInitializeOnLoad (56ms)
				ProcessInitializeOnLoadAttributes (187ms)
				ProcessInitializeOnLoadMethodAttributes (22ms)
				AfterProcessingInitializeOnLoad (5ms)
				EditorAssembliesLoaded (0ms)
			ExecutionOrderSort2 (0ms)
			AwakeInstancesAfterBackupRestoration (6ms)
Platform modules already initialized, skipping
Refreshing native plugins compatible for Editor in 2.26 ms, found 5 plugins.
Preloading 0 native plugins for Editor in 0.00 ms.
Unloading 3634 Unused Serialized files (Serialized files now loaded: 0)
Unloading 28 unused Assets / (357.0 KB). Loaded Objects now: 4113.
Memory consumption went from 128.9 MB to 128.6 MB.
Total: 2.322600 ms (FindLiveObjects: 0.207300 ms CreateObjectMapping: 0.105500 ms MarkObjects: 1.816300 ms  DeleteObjects: 0.192400 ms)

AssetImportParameters requested are different than current active one (requested -> active):
  custom:video-decoder-ogg-theora: a1e56fd34408186e4bbccfd4996cb3dc -> 
  custom:container-muxer-webm: aa71ff27fc2769a1b78a27578f13a17b -> 
  custom:container-demuxer-webm: 4f35f7cbe854078d1ac9338744f61a02 -> 
  custom:video-encoder-webm-vp8: eb34c28f22e8b96e1ab97ce403110664 -> 
  custom:video-codec-MediaFoundation-h265: 746d11721c4dcdbdad8f713fa42b33f4 -> 
  custom:audio-encoder-webm-vorbis: bf7c407c2cedff20999df2af8eb42d56 -> 
  custom:framework-win-MediaFoundation: 216162199b28c13a410421893ffa2e32 -> 
  custom:container-demuxer-ogg: 62fdf1f143b41e24485cea50d1cbac27 -> 
  custom:video-decoder-webm-vp8: 9c59270c3fd7afecdb556c50c9e8de78 -> 
  custom:audio-decoder-ogg-vorbis: bf7c407c2cedff20999df2af8eb42d56 -> 
========================================================================
Received Prepare
Registering precompiled user dll's ...
Registered in 0.004998 seconds.
Begin MonoManager ReloadAssembly
Symbol file LoadedFromMemory doesn't match image C:\Users\nonsk\Documents\GitHub\VR_practice\LeapInputPractice\Library\PackageCache\com.unity.visualscripting@1.7.8\Editor\VisualScripting.Core\Dependencies\YamlDotNet\Unity.VisualScripting.YamlDotNet.dll
Symbol file LoadedFromMemory doesn't match image C:\Users\nonsk\Documents\GitHub\VR_practice\LeapInputPractice\Library\PackageCache\com.unity.visualscripting@1.7.8\Editor\VisualScripting.Core\Dependencies\DotNetZip\Unity.VisualScripting.IonicZip.dll
Native extension for WindowsStandalone target not found
Native extension for Android target not found
Refreshing native plugins compatible for Editor in 0.91 ms, found 5 plugins.
Preloading 0 native plugins for Editor in 0.00 ms.
Mono: successfully reloaded assembly
- Completed reload, in  0.926 seconds
Domain Reload Profiling:
	ReloadAssembly (927ms)
		BeginReloadAssembly (121ms)
			ExecutionOrderSort (0ms)
			DisableScriptedObjects (5ms)
			BackupInstance (0ms)
			ReleaseScriptingObjects (0ms)
			CreateAndSetChildDomain (37ms)
		EndReloadAssembly (711ms)
			LoadAssemblies (72ms)
			RebuildTransferFunctionScriptingTraits (0ms)
			SetupTypeCache (255ms)
			ReleaseScriptCaches (1ms)
			RebuildScriptCaches (39ms)
			SetupLoadedEditorAssemblies (302ms)
				LogAssemblyErrors (0ms)
				InitializePlatformSupportModulesInManaged (19ms)
				SetLoadedEditorAssemblies (1ms)
				RefreshPlugins (1ms)
				BeforeProcessingInitializeOnLoad (62ms)
				ProcessInitializeOnLoadAttributes (192ms)
				ProcessInitializeOnLoadMethodAttributes (23ms)
				AfterProcessingInitializeOnLoad (5ms)
				EditorAssembliesLoaded (0ms)
			ExecutionOrderSort2 (0ms)
			AwakeInstancesAfterBackupRestoration (6ms)
Platform modules already initialized, skipping
Refreshing native plugins compatible for Editor in 1.91 ms, found 5 plugins.
Preloading 0 native plugins for Editor in 0.00 ms.
Unloading 3634 Unused Serialized files (Serialized files now loaded: 0)
Unloading 28 unused Assets / (356.9 KB). Loaded Objects now: 4116.
Memory consumption went from 128.9 MB to 128.6 MB.
Total: 2.474400 ms (FindLiveObjects: 0.233600 ms CreateObjectMapping: 0.140200 ms MarkObjects: 1.917700 ms  DeleteObjects: 0.181700 ms)

AssetImportParameters requested are different than current active one (requested -> active):
  custom:video-decoder-ogg-theora: a1e56fd34408186e4bbccfd4996cb3dc -> 
  custom:container-muxer-webm: aa71ff27fc2769a1b78a27578f13a17b -> 
  custom:container-demuxer-webm: 4f35f7cbe854078d1ac9338744f61a02 -> 
  custom:video-encoder-webm-vp8: eb34c28f22e8b96e1ab97ce403110664 -> 
  custom:video-codec-MediaFoundation-h265: 746d11721c4dcdbdad8f713fa42b33f4 -> 
  custom:audio-encoder-webm-vorbis: bf7c407c2cedff20999df2af8eb42d56 -> 
  custom:framework-win-MediaFoundation: 216162199b28c13a410421893ffa2e32 -> 
  custom:container-demuxer-ogg: 62fdf1f143b41e24485cea50d1cbac27 -> 
  custom:video-decoder-webm-vp8: 9c59270c3fd7afecdb556c50c9e8de78 -> 
  custom:audio-decoder-ogg-vorbis: bf7c407c2cedff20999df2af8eb42d56 -> 
========================================================================
Received Import Request.
  Time since last request: 1802961.929105 seconds.
  path: Assets/ThirdParty/Ultraleap/Tracking/Core/Runtime/Prefabs/Service Provider (Screentop).prefab
  artifactKey: Guid(ae56ec35d0bcbba49962ea56f2aaa0fb) Importer(815301076,1909f56bfc062723c751e8b465ee728b)
Start importing Assets/ThirdParty/Ultraleap/Tracking/Core/Runtime/Prefabs/Service Provider (Screentop).prefab using Guid(ae56ec35d0bcbba49962ea56f2aaa0fb) Importer(815301076,1909f56bfc062723c751e8b465ee728b)  -> (artifact id: 'bf1278e542ca8a18e0437de555660448') in 0.044964 seconds 
========================================================================
Received Import Request.
  Time since last request: 0.000018 seconds.
  path: Assets/ThirdParty/Ultraleap/Tracking/Core/Runtime/Prefabs/XR Leap Provider Manager.prefab
  artifactKey: Guid(d1c00f89ef60a3446ad9eef2d361e2a1) Importer(815301076,1909f56bfc062723c751e8b465ee728b)
Start importing Assets/ThirdParty/Ultraleap/Tracking/Core/Runtime/Prefabs/XR Leap Provider Manager.prefab using Guid(d1c00f89ef60a3446ad9eef2d361e2a1) Importer(815301076,1909f56bfc062723c751e8b465ee728b)  -> (artifact id: 'bb536bf8b6dee777e1684afaf04def2e') in 0.009301 seconds 
========================================================================
Received Prepare
Registering precompiled user dll's ...
Registered in 0.004109 seconds.
Begin MonoManager ReloadAssembly
Symbol file LoadedFromMemory doesn't match image C:\Users\nonsk\Documents\GitHub\VR_practice\LeapInputPractice\Library\PackageCache\com.unity.visualscripting@1.7.8\Editor\VisualScripting.Core\Dependencies\YamlDotNet\Unity.VisualScripting.YamlDotNet.dll
Symbol file LoadedFromMemory doesn't match image C:\Users\nonsk\Documents\GitHub\VR_practice\LeapInputPractice\Library\PackageCache\com.unity.visualscripting@1.7.8\Editor\VisualScripting.Core\Dependencies\DotNetZip\Unity.VisualScripting.IonicZip.dll
Native extension for WindowsStandalone target not found
Native extension for Android target not found
Refreshing native plugins compatible for Editor in 0.55 ms, found 5 plugins.
Preloading 0 native plugins for Editor in 0.00 ms.
Mono: successfully reloaded assembly
- Completed reload, in  0.929 seconds
Domain Reload Profiling:
	ReloadAssembly (930ms)
		BeginReloadAssembly (114ms)
			ExecutionOrderSort (0ms)
			DisableScriptedObjects (6ms)
			BackupInstance (0ms)
			ReleaseScriptingObjects (0ms)
			CreateAndSetChildDomain (34ms)
		EndReloadAssembly (736ms)
			LoadAssemblies (71ms)
			RebuildTransferFunctionScriptingTraits (0ms)
			SetupTypeCache (264ms)
			ReleaseScriptCaches (2ms)
			RebuildScriptCaches (47ms)
			SetupLoadedEditorAssemblies (304ms)
				LogAssemblyErrors (0ms)
				InitializePlatformSupportModulesInManaged (18ms)
				SetLoadedEditorAssemblies (0ms)
				RefreshPlugins (1ms)
				BeforeProcessingInitializeOnLoad (60ms)
				ProcessInitializeOnLoadAttributes (196ms)
				ProcessInitializeOnLoadMethodAttributes (23ms)
				AfterProcessingInitializeOnLoad (6ms)
				EditorAssembliesLoaded (0ms)
			ExecutionOrderSort2 (0ms)
			AwakeInstancesAfterBackupRestoration (6ms)
Platform modules already initialized, skipping
Refreshing native plugins compatible for Editor in 2.08 ms, found 5 plugins.
Preloading 0 native plugins for Editor in 0.00 ms.
Unloading 3634 Unused Serialized files (Serialized files now loaded: 0)
Unloading 28 unused Assets / (403.2 KB). Loaded Objects now: 4120.
Memory consumption went from 129.0 MB to 128.6 MB.
Total: 3.197900 ms (FindLiveObjects: 0.352700 ms CreateObjectMapping: 0.283600 ms MarkObjects: 2.205800 ms  DeleteObjects: 0.354400 ms)

AssetImportParameters requested are different than current active one (requested -> active):
  custom:video-decoder-ogg-theora: a1e56fd34408186e4bbccfd4996cb3dc -> 
  custom:container-muxer-webm: aa71ff27fc2769a1b78a27578f13a17b -> 
  custom:container-demuxer-webm: 4f35f7cbe854078d1ac9338744f61a02 -> 
  custom:video-encoder-webm-vp8: eb34c28f22e8b96e1ab97ce403110664 -> 
  custom:video-codec-MediaFoundation-h265: 746d11721c4dcdbdad8f713fa42b33f4 -> 
  custom:audio-encoder-webm-vorbis: bf7c407c2cedff20999df2af8eb42d56 -> 
  custom:framework-win-MediaFoundation: 216162199b28c13a410421893ffa2e32 -> 
  custom:container-demuxer-ogg: 62fdf1f143b41e24485cea50d1cbac27 -> 
  custom:video-decoder-webm-vp8: 9c59270c3fd7afecdb556c50c9e8de78 -> 
  custom:audio-decoder-ogg-vorbis: bf7c407c2cedff20999df2af8eb42d56 -> 
========================================================================
Received Prepare
Registering precompiled user dll's ...
Registered in 0.003616 seconds.
Begin MonoManager ReloadAssembly
Symbol file LoadedFromMemory doesn't match image C:\Users\nonsk\Documents\GitHub\VR_practice\LeapInputPractice\Library\PackageCache\com.unity.visualscripting@1.7.8\Editor\VisualScripting.Core\Dependencies\YamlDotNet\Unity.VisualScripting.YamlDotNet.dll
Symbol file LoadedFromMemory doesn't match image C:\Users\nonsk\Documents\GitHub\VR_practice\LeapInputPractice\Library\PackageCache\com.unity.visualscripting@1.7.8\Editor\VisualScripting.Core\Dependencies\DotNetZip\Unity.VisualScripting.IonicZip.dll
Native extension for WindowsStandalone target not found
Native extension for Android target not found
Refreshing native plugins compatible for Editor in 0.64 ms, found 5 plugins.
Preloading 0 native plugins for Editor in 0.00 ms.
Mono: successfully reloaded assembly
- Completed reload, in  0.923 seconds
Domain Reload Profiling:
	ReloadAssembly (924ms)
		BeginReloadAssembly (108ms)
			ExecutionOrderSort (0ms)
			DisableScriptedObjects (4ms)
			BackupInstance (0ms)
			ReleaseScriptingObjects (0ms)
			CreateAndSetChildDomain (35ms)
		EndReloadAssembly (738ms)
			LoadAssemblies (65ms)
			RebuildTransferFunctionScriptingTraits (0ms)
			SetupTypeCache (268ms)
			ReleaseScriptCaches (1ms)
			RebuildScriptCaches (40ms)
			SetupLoadedEditorAssemblies (315ms)
				LogAssemblyErrors (0ms)
				InitializePlatformSupportModulesInManaged (19ms)
				SetLoadedEditorAssemblies (0ms)
				RefreshPlugins (1ms)
				BeforeProcessingInitializeOnLoad (60ms)
				ProcessInitializeOnLoadAttributes (206ms)
				ProcessInitializeOnLoadMethodAttributes (22ms)
				AfterProcessingInitializeOnLoad (6ms)
				EditorAssembliesLoaded (0ms)
			ExecutionOrderSort2 (0ms)
			AwakeInstancesAfterBackupRestoration (6ms)
Platform modules already initialized, skipping
Refreshing native plugins compatible for Editor in 2.65 ms, found 5 plugins.
Preloading 0 native plugins for Editor in 0.00 ms.
Unloading 3634 Unused Serialized files (Serialized files now loaded: 0)
Unloading 28 unused Assets / (403.4 KB). Loaded Objects now: 4123.
Memory consumption went from 129.0 MB to 128.6 MB.
Total: 2.537400 ms (FindLiveObjects: 0.218000 ms CreateObjectMapping: 0.127200 ms MarkObjects: 1.901400 ms  DeleteObjects: 0.289500 ms)

AssetImportParameters requested are different than current active one (requested -> active):
  custom:video-decoder-ogg-theora: a1e56fd34408186e4bbccfd4996cb3dc -> 
  custom:container-muxer-webm: aa71ff27fc2769a1b78a27578f13a17b -> 
  custom:container-demuxer-webm: 4f35f7cbe854078d1ac9338744f61a02 -> 
  custom:video-encoder-webm-vp8: eb34c28f22e8b96e1ab97ce403110664 -> 
  custom:video-codec-MediaFoundation-h265: 746d11721c4dcdbdad8f713fa42b33f4 -> 
  custom:audio-encoder-webm-vorbis: bf7c407c2cedff20999df2af8eb42d56 -> 
  custom:framework-win-MediaFoundation: 216162199b28c13a410421893ffa2e32 -> 
  custom:container-demuxer-ogg: 62fdf1f143b41e24485cea50d1cbac27 -> 
  custom:video-decoder-webm-vp8: 9c59270c3fd7afecdb556c50c9e8de78 -> 
  custom:audio-decoder-ogg-vorbis: bf7c407c2cedff20999df2af8eb42d56 -> 
========================================================================
Received Prepare
Registering precompiled user dll's ...
Registered in 0.005865 seconds.
Begin MonoManager ReloadAssembly
Symbol file LoadedFromMemory doesn't match image C:\Users\nonsk\Documents\GitHub\VR_practice\LeapInputPractice\Library\PackageCache\com.unity.visualscripting@1.7.8\Editor\VisualScripting.Core\Dependencies\YamlDotNet\Unity.VisualScripting.YamlDotNet.dll
Symbol file LoadedFromMemory doesn't match image C:\Users\nonsk\Documents\GitHub\VR_practice\LeapInputPractice\Library\PackageCache\com.unity.visualscripting@1.7.8\Editor\VisualScripting.Core\Dependencies\DotNetZip\Unity.VisualScripting.IonicZip.dll
Native extension for WindowsStandalone target not found
Native extension for Android target not found
Refreshing native plugins compatible for Editor in 0.87 ms, found 5 plugins.
Preloading 0 native plugins for Editor in 0.00 ms.
Mono: successfully reloaded assembly
- Completed reload, in  0.964 seconds
Domain Reload Profiling:
	ReloadAssembly (964ms)
		BeginReloadAssembly (120ms)
			ExecutionOrderSort (0ms)
			DisableScriptedObjects (4ms)
			BackupInstance (0ms)
			ReleaseScriptingObjects (0ms)
			CreateAndSetChildDomain (42ms)
		EndReloadAssembly (750ms)
			LoadAssemblies (71ms)
			RebuildTransferFunctionScriptingTraits (0ms)
			SetupTypeCache (263ms)
			ReleaseScriptCaches (1ms)
			RebuildScriptCaches (43ms)
			SetupLoadedEditorAssemblies (321ms)
				LogAssemblyErrors (0ms)
				InitializePlatformSupportModulesInManaged (19ms)
				SetLoadedEditorAssemblies (1ms)
				RefreshPlugins (1ms)
				BeforeProcessingInitializeOnLoad (65ms)
				ProcessInitializeOnLoadAttributes (205ms)
				ProcessInitializeOnLoadMethodAttributes (23ms)
				AfterProcessingInitializeOnLoad (6ms)
				EditorAssembliesLoaded (0ms)
			ExecutionOrderSort2 (0ms)
			AwakeInstancesAfterBackupRestoration (7ms)
Platform modules already initialized, skipping
Refreshing native plugins compatible for Editor in 2.91 ms, found 5 plugins.
Preloading 0 native plugins for Editor in 0.00 ms.
Unloading 3634 Unused Serialized files (Serialized files now loaded: 0)
Unloading 28 unused Assets / (356.6 KB). Loaded Objects now: 4126.
Memory consumption went from 129.0 MB to 128.6 MB.
Total: 2.719700 ms (FindLiveObjects: 0.260400 ms CreateObjectMapping: 0.128900 ms MarkObjects: 2.012100 ms  DeleteObjects: 0.317200 ms)

AssetImportParameters requested are different than current active one (requested -> active):
  custom:video-decoder-ogg-theora: a1e56fd34408186e4bbccfd4996cb3dc -> 
  custom:container-muxer-webm: aa71ff27fc2769a1b78a27578f13a17b -> 
  custom:container-demuxer-webm: 4f35f7cbe854078d1ac9338744f61a02 -> 
  custom:video-encoder-webm-vp8: eb34c28f22e8b96e1ab97ce403110664 -> 
  custom:video-codec-MediaFoundation-h265: 746d11721c4dcdbdad8f713fa42b33f4 -> 
  custom:audio-encoder-webm-vorbis: bf7c407c2cedff20999df2af8eb42d56 -> 
  custom:framework-win-MediaFoundation: 216162199b28c13a410421893ffa2e32 -> 
  custom:container-demuxer-ogg: 62fdf1f143b41e24485cea50d1cbac27 -> 
  custom:video-decoder-webm-vp8: 9c59270c3fd7afecdb556c50c9e8de78 -> 
  custom:audio-decoder-ogg-vorbis: bf7c407c2cedff20999df2af8eb42d56 -> 
========================================================================
Received Import Request.
  Time since last request: 625.316831 seconds.
  path: Assets/ThirdParty/Ultraleap/Tracking/Examples/Example Assets/Materials/IE Example Anchor Blue.mat
  artifactKey: Guid(668490d1e2537624c99ab58447146100) Importer(815301076,1909f56bfc062723c751e8b465ee728b)
Start importing Assets/ThirdParty/Ultraleap/Tracking/Examples/Example Assets/Materials/IE Example Anchor Blue.mat using Guid(668490d1e2537624c99ab58447146100) Importer(815301076,1909f56bfc062723c751e8b465ee728b)  -> (artifact id: 'a139ed7678f9e6fbc7ffe1fa0f6615d9') in 0.255175 seconds 
========================================================================
Received Import Request.
  Time since last request: 0.000033 seconds.
  path: Assets/ThirdParty/Ultraleap/Tracking/Examples/Example Assets/Materials/IE Example Prism Blue.mat
  artifactKey: Guid(c72f96eddcce18e40b75a40fd5b472f8) Importer(815301076,1909f56bfc062723c751e8b465ee728b)
Start importing Assets/ThirdParty/Ultraleap/Tracking/Examples/Example Assets/Materials/IE Example Prism Blue.mat using Guid(c72f96eddcce18e40b75a40fd5b472f8) Importer(815301076,1909f56bfc062723c751e8b465ee728b)  -> (artifact id: '4e6cf6066ac204af1c40693d765a45f7') in 0.193740 seconds 
========================================================================
Received Import Request.
  Time since last request: 0.000038 seconds.
  path: Assets/ThirdParty/Ultraleap/Tracking/Core/Runtime/Materials/UL Green Matte.mat
  artifactKey: Guid(ef7d451d85ea4514cbb9e62528be5611) Importer(815301076,1909f56bfc062723c751e8b465ee728b)
Start importing Assets/ThirdParty/Ultraleap/Tracking/Core/Runtime/Materials/UL Green Matte.mat using Guid(ef7d451d85ea4514cbb9e62528be5611) Importer(815301076,1909f56bfc062723c751e8b465ee728b)  -> (artifact id: '23f88ff1dce98009763614cb1214f6d3') in 0.082891 seconds 
========================================================================
Received Import Request.
  Time since last request: 0.000023 seconds.
  path: Assets/ThirdParty/Ultraleap/Tracking/Examples/Example Assets/Materials/IE Example Black Matte.mat
  artifactKey: Guid(95c889baf756fd84ba2f1ab36adf3687) Importer(815301076,1909f56bfc062723c751e8b465ee728b)
Start importing Assets/ThirdParty/Ultraleap/Tracking/Examples/Example Assets/Materials/IE Example Black Matte.mat using Guid(95c889baf756fd84ba2f1ab36adf3687) Importer(815301076,1909f56bfc062723c751e8b465ee728b)  -> (artifact id: '9860a2cafd5d5717a8929e18708b057f') in 0.015383 seconds 
========================================================================
Received Import Request.
  Time since last request: 0.000022 seconds.
  path: Assets/TextMesh Pro/Examples & Extras/Resources/Fonts & Materials/LiberationSans SDF - Overlay.mat
  artifactKey: Guid(9ad269c99dcf42b7aedefd83dd5a7b9d) Importer(815301076,1909f56bfc062723c751e8b465ee728b)
Start importing Assets/TextMesh Pro/Examples & Extras/Resources/Fonts & Materials/LiberationSans SDF - Overlay.mat using Guid(9ad269c99dcf42b7aedefd83dd5a7b9d) Importer(815301076,1909f56bfc062723c751e8b465ee728b)  -> (artifact id: '0fd3824f2628a88fab3f02d1a43198a2') in 0.274363 seconds 
========================================================================
Received Import Request.
  Time since last request: 0.000042 seconds.
  path: Assets/ThirdParty/Ultraleap/Tracking/Examples/Example Assets/Materials/IE Example Dark Matte.mat
  artifactKey: Guid(cb707237b19198f4bbc0381c5c11da15) Importer(815301076,1909f56bfc062723c751e8b465ee728b)
Start importing Assets/ThirdParty/Ultraleap/Tracking/Examples/Example Assets/Materials/IE Example Dark Matte.mat using Guid(cb707237b19198f4bbc0381c5c11da15) Importer(815301076,1909f56bfc062723c751e8b465ee728b)  -> (artifact id: 'd22c8f93baf7e640a52382b5cfffe9b3') in 0.029358 seconds 
========================================================================
Received Import Request.
  Time since last request: 0.000054 seconds.
  path: Assets/ThirdParty/Ultraleap/Tracking/Hands/Runtime/Models/Low Poly/LowPolyHandArm_Right.fbx
  artifactKey: Guid(cb3438af94c8f364991404228bf237a5) Importer(815301076,1909f56bfc062723c751e8b465ee728b)
Start importing Assets/ThirdParty/Ultraleap/Tracking/Hands/Runtime/Models/Low Poly/LowPolyHandArm_Right.fbx using Guid(cb3438af94c8f364991404228bf237a5) Importer(815301076,1909f56bfc062723c751e8b465ee728b)  -> (artifact id: 'e2e48ffc94ad25e56aead84c745b4245') in 0.156050 seconds 
========================================================================
Received Import Request.
  Time since last request: 0.000036 seconds.
  path: Assets/ThirdParty/Ultraleap/Tracking/Examples/Example Assets/Materials/IE Example Metallic.mat
  artifactKey: Guid(bdfd2de707005aa4288a25d4ee9c3b63) Importer(815301076,1909f56bfc062723c751e8b465ee728b)
Start importing Assets/ThirdParty/Ultraleap/Tracking/Examples/Example Assets/Materials/IE Example Metallic.mat using Guid(bdfd2de707005aa4288a25d4ee9c3b63) Importer(815301076,1909f56bfc062723c751e8b465ee728b)  -> (artifact id: '5eba4bba4286e4fb49318da4ed000b01') in 0.018301 seconds 
========================================================================
Received Import Request.
  Time since last request: 0.000035 seconds.
  path: Assets/TextMesh Pro/Resources/Fonts & Materials/LiberationSans SDF - Fallback.asset
  artifactKey: Guid(2e498d1c8094910479dc3e1b768306a4) Importer(815301076,1909f56bfc062723c751e8b465ee728b)
Start importing Assets/TextMesh Pro/Resources/Fonts & Materials/LiberationSans SDF - Fallback.asset using Guid(2e498d1c8094910479dc3e1b768306a4) Importer(815301076,1909f56bfc062723c751e8b465ee728b)  -> (artifact id: '63acc93f8333cff6af3953befece50c9') in 0.034607 seconds 
========================================================================
Received Import Request.
  Time since last request: 0.000029 seconds.
  path: Assets/ThirdParty/Ultraleap/Tracking/Hands/Runtime/Models/GenericHand/GenericHand_Arm.fbx
  artifactKey: Guid(f68d0f73483e802498099f2c43df3216) Importer(815301076,1909f56bfc062723c751e8b465ee728b)
Start importing Assets/ThirdParty/Ultraleap/Tracking/Hands/Runtime/Models/GenericHand/GenericHand_Arm.fbx using Guid(f68d0f73483e802498099f2c43df3216) Importer(815301076,1909f56bfc062723c751e8b465ee728b)  -> (artifact id: '44a3a8e121e219c19f88b8548e7f75d8') in 0.116606 seconds 
========================================================================
Received Import Request.
  Time since last request: 0.000027 seconds.
  path: Assets/ThirdParty/Ultraleap/Tracking/Examples/Example Assets/Materials/IE Example Unlit Text BG Dark.mat
  artifactKey: Guid(5bfb48adea98f2b4eb8c987cde2c6173) Importer(815301076,1909f56bfc062723c751e8b465ee728b)
Start importing Assets/ThirdParty/Ultraleap/Tracking/Examples/Example Assets/Materials/IE Example Unlit Text BG Dark.mat using Guid(5bfb48adea98f2b4eb8c987cde2c6173) Importer(815301076,1909f56bfc062723c751e8b465ee728b)  -> (artifact id: '4d77d877198fece2371705c3f938ee55') in 0.033723 seconds 
========================================================================
Received Import Request.
  Time since last request: 0.000030 seconds.
  path: Assets/ThirdParty/Ultraleap/Tracking/Examples/Example Assets/Materials/White.mat
  artifactKey: Guid(c6dfb1e9dc9b80d498902280f13a1a5a) Importer(815301076,1909f56bfc062723c751e8b465ee728b)
Start importing Assets/ThirdParty/Ultraleap/Tracking/Examples/Example Assets/Materials/White.mat using Guid(c6dfb1e9dc9b80d498902280f13a1a5a) Importer(815301076,1909f56bfc062723c751e8b465ee728b)  -> (artifact id: 'a24786293220b20832391355992e92fe') in 0.017152 seconds 
========================================================================
Received Import Request.
  Time since last request: 0.000032 seconds.
  path: Assets/ThirdParty/Ultraleap/Tracking/Examples/Example Assets/Materials/IE Example Button Blue.mat
  artifactKey: Guid(2b0b0f5d22d773a439b6e3f7f0f0db48) Importer(815301076,1909f56bfc062723c751e8b465ee728b)
Start importing Assets/ThirdParty/Ultraleap/Tracking/Examples/Example Assets/Materials/IE Example Button Blue.mat using Guid(2b0b0f5d22d773a439b6e3f7f0f0db48) Importer(815301076,1909f56bfc062723c751e8b465ee728b)  -> (artifact id: 'f6b41552f4c52e02ff52d238e68665b1') in 0.016054 seconds 
========================================================================
Received Import Request.
  Time since last request: 0.000026 seconds.
  path: Assets/ThirdParty/Ultraleap/Tracking/Examples/Example Assets/Materials/IE Example Light Matte.mat
  artifactKey: Guid(e3e996b13676a484ebc0a80bbb24be05) Importer(815301076,1909f56bfc062723c751e8b465ee728b)
Start importing Assets/ThirdParty/Ultraleap/Tracking/Examples/Example Assets/Materials/IE Example Light Matte.mat using Guid(e3e996b13676a484ebc0a80bbb24be05) Importer(815301076,1909f56bfc062723c751e8b465ee728b)  -> (artifact id: '78293dd297dcbc8e41b2c7bedc873601') in 0.018238 seconds 
========================================================================
Received Import Request.
  Time since last request: 0.000026 seconds.
  path: Assets/ThirdParty/Ultraleap/Tracking/Core/Runtime/Materials/UL Black Matte.mat
  artifactKey: Guid(882b8863c7b1ea74db22e368778634b2) Importer(815301076,1909f56bfc062723c751e8b465ee728b)
Start importing Assets/ThirdParty/Ultraleap/Tracking/Core/Runtime/Materials/UL Black Matte.mat using Guid(882b8863c7b1ea74db22e368778634b2) Importer(815301076,1909f56bfc062723c751e8b465ee728b)  -> (artifact id: 'caffb561e1619d1e0ebde39adc94b9c3') in 0.015769 seconds 
========================================================================
Received Import Request.
  Time since last request: 0.000028 seconds.
  path: Assets/TextMesh Pro/Examples & Extras/Resources/Fonts & Materials/Roboto-Bold SDF.asset
  artifactKey: Guid(5302535af1044152a457ed104f1f4b91) Importer(815301076,1909f56bfc062723c751e8b465ee728b)
Start importing Assets/TextMesh Pro/Examples & Extras/Resources/Fonts & Materials/Roboto-Bold SDF.asset using Guid(5302535af1044152a457ed104f1f4b91) Importer(815301076,1909f56bfc062723c751e8b465ee728b)  -> (artifact id: 'ffc10f28db280ef88aa0257ac79fb1e2') in 0.015328 seconds 
========================================================================
Received Import Request.
  Time since last request: 0.000029 seconds.
  path: Assets/ThirdParty/Ultraleap/Tracking/Examples/Example Assets/Materials/IE Example Button Magenta.mat
  artifactKey: Guid(69b1643ce1326a54eb20c5022c2482ad) Importer(815301076,1909f56bfc062723c751e8b465ee728b)
Start importing Assets/ThirdParty/Ultraleap/Tracking/Examples/Example Assets/Materials/IE Example Button Magenta.mat using Guid(69b1643ce1326a54eb20c5022c2482ad) Importer(815301076,1909f56bfc062723c751e8b465ee728b)  -> (artifact id: 'ce49f48299ac429547e098115ec83673') in 0.017344 seconds 
========================================================================
Received Import Request.
  Time since last request: 0.000041 seconds.
  path: Assets/ThirdParty/Ultraleap/Tracking/Core/Runtime/Materials/UL Gray Matte.mat
  artifactKey: Guid(1725b462e3e94af4786129e54ac54e94) Importer(815301076,1909f56bfc062723c751e8b465ee728b)
Start importing Assets/ThirdParty/Ultraleap/Tracking/Core/Runtime/Materials/UL Gray Matte.mat using Guid(1725b462e3e94af4786129e54ac54e94) Importer(815301076,1909f56bfc062723c751e8b465ee728b)  -> (artifact id: 'ecfd66d780be40dc1a7ed7bb749927e1') in 0.014380 seconds 
========================================================================
Received Import Request.
  Time since last request: 0.000031 seconds.
  path: Assets/ThirdParty/Ultraleap/Tracking/Examples/Example Assets/Materials/IE Example Panel Magenta.mat
  artifactKey: Guid(2c27ee87798951a46863d8e0330c6969) Importer(815301076,1909f56bfc062723c751e8b465ee728b)
Start importing Assets/ThirdParty/Ultraleap/Tracking/Examples/Example Assets/Materials/IE Example Panel Magenta.mat using Guid(2c27ee87798951a46863d8e0330c6969) Importer(815301076,1909f56bfc062723c751e8b465ee728b)  -> (artifact id: '0bd49a1dd72849f7cc246d834e20b00b') in 0.016658 seconds 
========================================================================
Received Import Request.
  Time since last request: 0.000033 seconds.
  path: Assets/TextMesh Pro/Examples & Extras/Resources/Fonts & Materials/Roboto-Bold SDF - Surface.mat
  artifactKey: Guid(e6b276ec991f467aa14ef1f3cc665993) Importer(815301076,1909f56bfc062723c751e8b465ee728b)
Start importing Assets/TextMesh Pro/Examples & Extras/Resources/Fonts & Materials/Roboto-Bold SDF - Surface.mat using Guid(e6b276ec991f467aa14ef1f3cc665993) Importer(815301076,1909f56bfc062723c751e8b465ee728b)  -> (artifact id: 'dff1272a71ab7c4c4282f6f0f8071c06') in 0.086195 seconds 
========================================================================
Received Import Request.
  Time since last request: 0.000040 seconds.
  path: Assets/ThirdParty/Ultraleap/Tracking/Examples/Example Assets/Hands (URP)/Materials/URP_Floor.mat
  artifactKey: Guid(513867320f881dc48ac415835e29d8df) Importer(815301076,1909f56bfc062723c751e8b465ee728b)
Start importing Assets/ThirdParty/Ultraleap/Tracking/Examples/Example Assets/Hands (URP)/Materials/URP_Floor.mat using Guid(513867320f881dc48ac415835e29d8df) Importer(815301076,1909f56bfc062723c751e8b465ee728b)  -> (artifact id: '14b359db2cd7528ab7b5a9f34da5dfae') in 0.017673 seconds 
========================================================================
Received Import Request.
  Time since last request: 0.000030 seconds.
  path: Assets/ThirdParty/Ultraleap/Tracking/Hands/Runtime/Models/Skeleton/SkeletonArm.mat
  artifactKey: Guid(fc295eba5abda994e8e9dd730218fa31) Importer(815301076,1909f56bfc062723c751e8b465ee728b)
Start importing Assets/ThirdParty/Ultraleap/Tracking/Hands/Runtime/Models/Skeleton/SkeletonArm.mat using Guid(fc295eba5abda994e8e9dd730218fa31) Importer(815301076,1909f56bfc062723c751e8b465ee728b)  -> (artifact id: '8acad69ab841693374305f5e4ca4a892') in 0.020525 seconds 
========================================================================
Received Import Request.
  Time since last request: 0.000021 seconds.
  path: Assets/ThirdParty/Ultraleap/Tracking/Examples/Example Assets/Hands (URP)/Materials/URP_Skeleton.mat
  artifactKey: Guid(35b03601ea2a9c247983802bed34aa4a) Importer(815301076,1909f56bfc062723c751e8b465ee728b)
Start importing Assets/ThirdParty/Ultraleap/Tracking/Examples/Example Assets/Hands (URP)/Materials/URP_Skeleton.mat using Guid(35b03601ea2a9c247983802bed34aa4a) Importer(815301076,1909f56bfc062723c751e8b465ee728b)  -> (artifact id: '6d7805a0c5d424a5f269597a00317b4d') in 0.021212 seconds 
========================================================================
Received Import Request.
  Time since last request: 0.000022 seconds.
  path: Assets/ThirdParty/Ultraleap/Tracking/Examples/Example Assets/Materials/IE Example Panel Red.mat
  artifactKey: Guid(6d23fd159c2675a449dee1b04c5f8286) Importer(815301076,1909f56bfc062723c751e8b465ee728b)
Start importing Assets/ThirdParty/Ultraleap/Tracking/Examples/Example Assets/Materials/IE Example Panel Red.mat using Guid(6d23fd159c2675a449dee1b04c5f8286) Importer(815301076,1909f56bfc062723c751e8b465ee728b)  -> (artifact id: 'e90e5fe70b312c026669d813f3cf189f') in 0.016981 seconds 
========================================================================
Received Import Request.
  Time since last request: 0.000027 seconds.
  path: Assets/ThirdParty/Ultraleap/Tracking/Examples/Example Assets/Materials/IE Example Prism Magenta Inner.mat
  artifactKey: Guid(854b52ee442177745ac03e1917e527a6) Importer(815301076,1909f56bfc062723c751e8b465ee728b)
Start importing Assets/ThirdParty/Ultraleap/Tracking/Examples/Example Assets/Materials/IE Example Prism Magenta Inner.mat using Guid(854b52ee442177745ac03e1917e527a6) Importer(815301076,1909f56bfc062723c751e8b465ee728b)  -> (artifact id: 'aa1d51896329283c1c980c30fb2a479c') in 0.016151 seconds 
========================================================================
Received Import Request.
  Time since last request: 0.000020 seconds.
  path: Assets/ThirdParty/Ultraleap/Tracking/Examples/Example Assets/Materials/IE Example Prism Magenta.mat
  artifactKey: Guid(1c47cc1942430364aa9648991bb85e71) Importer(815301076,1909f56bfc062723c751e8b465ee728b)
Start importing Assets/ThirdParty/Ultraleap/Tracking/Examples/Example Assets/Materials/IE Example Prism Magenta.mat using Guid(1c47cc1942430364aa9648991bb85e71) Importer(815301076,1909f56bfc062723c751e8b465ee728b)  -> (artifact id: 'b8e66d089332b1c36304856825ac49f3') in 0.015661 seconds 
========================================================================
Received Import Request.
  Time since last request: 0.000024 seconds.
  path: Assets/ThirdParty/Ultraleap/Tracking/Examples/Example Assets/Materials/IE Example Button Red.mat
  artifactKey: Guid(ff7c634b1ca200843b1908e1995a13b1) Importer(815301076,1909f56bfc062723c751e8b465ee728b)
Start importing Assets/ThirdParty/Ultraleap/Tracking/Examples/Example Assets/Materials/IE Example Button Red.mat using Guid(ff7c634b1ca200843b1908e1995a13b1) Importer(815301076,1909f56bfc062723c751e8b465ee728b)  -> (artifact id: 'e8b5b32efc878486a8f534641d8cce1e') in 0.018389 seconds 
========================================================================
Received Import Request.
  Time since last request: 0.000022 seconds.
  path: Assets/ThirdParty/Ultraleap/Tracking/Core/Editor/Resources/TrackingVolumeVisualization/MaxFOVMat_Volume.mat
  artifactKey: Guid(1e584c45e40bcce49ac1a9639839327f) Importer(815301076,1909f56bfc062723c751e8b465ee728b)
Start importing Assets/ThirdParty/Ultraleap/Tracking/Core/Editor/Resources/TrackingVolumeVisualization/MaxFOVMat_Volume.mat using Guid(1e584c45e40bcce49ac1a9639839327f) Importer(815301076,1909f56bfc062723c751e8b465ee728b)  -> (artifact id: '3c8f8d04639aed530e8f521517057d8b') in 0.017875 seconds 
========================================================================
Received Import Request.
  Time since last request: 0.000022 seconds.
  path: Assets/ThirdParty/Ultraleap/Tracking/Examples/Example Assets/Materials/IE Example Button Panel.mat
  artifactKey: Guid(a3927224a38b4c74eb9e223111df6924) Importer(815301076,1909f56bfc062723c751e8b465ee728b)
Start importing Assets/ThirdParty/Ultraleap/Tracking/Examples/Example Assets/Materials/IE Example Button Panel.mat using Guid(a3927224a38b4c74eb9e223111df6924) Importer(815301076,1909f56bfc062723c751e8b465ee728b)  -> (artifact id: '2cfd7c8be0f4db71bc5690063a5d6a2c') in 0.016708 seconds 
========================================================================
Received Import Request.
  Time since last request: 0.000023 seconds.
  path: Assets/ThirdParty/Ultraleap/Tracking/Examples/Example Assets/Hands (URP)/Materials/URP_InstancedCapsuleHand.mat
  artifactKey: Guid(caf6e6d363bd302478106fa03aa54bac) Importer(815301076,1909f56bfc062723c751e8b465ee728b)
Start importing Assets/ThirdParty/Ultraleap/Tracking/Examples/Example Assets/Hands (URP)/Materials/URP_InstancedCapsuleHand.mat using Guid(caf6e6d363bd302478106fa03aa54bac) Importer(815301076,1909f56bfc062723c751e8b465ee728b)  -> (artifact id: 'f538d2b52fdda0b16135f08d25ca3cbc') in 0.015450 seconds 
========================================================================
Received Import Request.
  Time since last request: 0.000042 seconds.
  path: Assets/ThirdParty/Ultraleap/Tracking/Hands/Runtime/Models/Low Poly/LowPolyHandArm_Left.fbx
  artifactKey: Guid(2caa4dd79a70a7e41b2b651ff67d8a78) Importer(815301076,1909f56bfc062723c751e8b465ee728b)
Start importing Assets/ThirdParty/Ultraleap/Tracking/Hands/Runtime/Models/Low Poly/LowPolyHandArm_Left.fbx using Guid(2caa4dd79a70a7e41b2b651ff67d8a78) Importer(815301076,1909f56bfc062723c751e8b465ee728b)  -> (artifact id: 'c737d686df8520ae16caeb176540d5c0') in 0.038874 seconds 
========================================================================
Received Import Request.
  Time since last request: 0.000027 seconds.
  path: Assets/ThirdParty/Ultraleap/Tracking/Examples/Example Assets/Hands (URP)/Materials/URP_LowPolyHand.mat
  artifactKey: Guid(7a88c3088d3a9f44fb8448700b7a30d2) Importer(815301076,1909f56bfc062723c751e8b465ee728b)
Start importing Assets/ThirdParty/Ultraleap/Tracking/Examples/Example Assets/Hands (URP)/Materials/URP_LowPolyHand.mat using Guid(7a88c3088d3a9f44fb8448700b7a30d2) Importer(815301076,1909f56bfc062723c751e8b465ee728b)  -> (artifact id: 'e02e60178e83081ba7fae6c52dfb377c') in 0.019832 seconds 
========================================================================
Received Import Request.
  Time since last request: 0.000021 seconds.
  path: Assets/ThirdParty/Ultraleap/Tracking/Examples/Example Assets/Materials/IE Example Light Gray Matte.mat
  artifactKey: Guid(ae962c51f2146e4439603b2865982593) Importer(815301076,1909f56bfc062723c751e8b465ee728b)
Start importing Assets/ThirdParty/Ultraleap/Tracking/Examples/Example Assets/Materials/IE Example Light Gray Matte.mat using Guid(ae962c51f2146e4439603b2865982593) Importer(815301076,1909f56bfc062723c751e8b465ee728b)  -> (artifact id: 'eab0fe0789f0c9f9de3507bf6fd62be7') in 0.136988 seconds 
========================================================================
Received Import Request.
  Time since last request: 0.000023 seconds.
  path: Assets/ThirdParty/Ultraleap/Tracking/Examples/Example Assets/Materials/Lamb_LoPolyHand.mat
  artifactKey: Guid(c5b9e8be6efc5c74aad1024a1e60cc0b) Importer(815301076,1909f56bfc062723c751e8b465ee728b)
Start importing Assets/ThirdParty/Ultraleap/Tracking/Examples/Example Assets/Materials/Lamb_LoPolyHand.mat using Guid(c5b9e8be6efc5c74aad1024a1e60cc0b) Importer(815301076,1909f56bfc062723c751e8b465ee728b)  -> (artifact id: '01abfdbb80988384e232ee883b0d86c0') in 0.020678 seconds 
========================================================================
Received Import Request.
  Time since last request: 0.000041 seconds.
  path: Assets/ThirdParty/Ultraleap/Tracking/Core/Runtime/Materials/Resources/InstancedCapsuleHand.mat
  artifactKey: Guid(50db6ec9473cfa746a5882bd2a16ced8) Importer(815301076,1909f56bfc062723c751e8b465ee728b)
Start importing Assets/ThirdParty/Ultraleap/Tracking/Core/Runtime/Materials/Resources/InstancedCapsuleHand.mat using Guid(50db6ec9473cfa746a5882bd2a16ced8) Importer(815301076,1909f56bfc062723c751e8b465ee728b)  -> (artifact id: '1d16e64f10b89209b2def7284771ef35') in 0.146336 seconds 
========================================================================
Received Import Request.
  Time since last request: 0.000025 seconds.
  path: Assets/ThirdParty/Ultraleap/Tracking/Examples/Example Assets/Materials/IE Example Unlit Text BG Light.mat
  artifactKey: Guid(13c8d12cf9f998048a24a2f7adc62041) Importer(815301076,1909f56bfc062723c751e8b465ee728b)
Start importing Assets/ThirdParty/Ultraleap/Tracking/Examples/Example Assets/Materials/IE Example Unlit Text BG Light.mat using Guid(13c8d12cf9f998048a24a2f7adc62041) Importer(815301076,1909f56bfc062723c751e8b465ee728b)  -> (artifact id: '2e8f5581caaa57461f70b269b70e059c') in 0.017987 seconds 
========================================================================
Received Import Request.
  Time since last request: 0.000021 seconds.
  path: Assets/ThirdParty/Ultraleap/Tracking/Core/Editor/Resources/TrackingVolumeVisualization/OptimalFOVMat_Volume.mat
  artifactKey: Guid(3ca971cdd70fe71458dddab028afab58) Importer(815301076,1909f56bfc062723c751e8b465ee728b)
Start importing Assets/ThirdParty/Ultraleap/Tracking/Core/Editor/Resources/TrackingVolumeVisualization/OptimalFOVMat_Volume.mat using Guid(3ca971cdd70fe71458dddab028afab58) Importer(815301076,1909f56bfc062723c751e8b465ee728b)  -> (artifact id: '9eabc592c83ae82c3ad0672e83d702a3') in 0.018561 seconds 
========================================================================
Received Import Request.
  Time since last request: 0.000039 seconds.
  path: Assets/ThirdParty/Ultraleap/Tracking/Examples/Example Assets/Hands (URP)/Materials/URP_Outline.mat
  artifactKey: Guid(d9c11e18744f17e44a653f01ba8c96aa) Importer(815301076,1909f56bfc062723c751e8b465ee728b)
Start importing Assets/ThirdParty/Ultraleap/Tracking/Examples/Example Assets/Hands (URP)/Materials/URP_Outline.mat using Guid(d9c11e18744f17e44a653f01ba8c96aa) Importer(815301076,1909f56bfc062723c751e8b465ee728b) Shader error in 'Toon/Basic Outline': Couldn't open include file 'Packages/com.unity.render-pipelines.universal/ShaderLibrary/Core.hlsl'. at line 23

Compiling Subshader: 0, Pass: OUTLINE, Vertex program with <no keywords>
Platform defines: SHADER_API_DESKTOP UNITY_ENABLE_DETAIL_NORMALMAP UNITY_ENABLE_REFLECTION_BUFFERS UNITY_LIGHTMAP_FULL_HDR UNITY_LIGHT_PROBE_PROXY_VOLUME UNITY_PBS_USE_BRDF1 UNITY_SPECCUBE_BLENDING UNITY_SPECCUBE_BOX_PROJECTION UNITY_USE_DITHER_MASK_FOR_ALPHABLENDED_SHADOWS
Disabled keywords: FOG_EXP FOG_EXP2 FOG_LINEAR SHADER_API_GLES30 UNITY_ASTC_NORMALMAP_ENCODING UNITY_COLORSPACE_GAMMA UNITY_ENABLE_NATIVE_SHADOW_LOOKUPS UNITY_FRAMEBUFFER_FETCH_AVAILABLE UNITY_HALF_PRECISION_FRAGMENT_SHADER_REGISTERS UNITY_HARDWARE_TIER1 UNITY_HARDWARE_TIER2 UNITY_HARDWARE_TIER3 UNITY_LIGHTMAP_DLDR_ENCODING UNITY_LIGHTMAP_RGBM_ENCODING UNITY_METAL_SHADOWS_USE_POINT_FILTERING UNITY_NO_DXT5nm UNITY_NO_FULL_STANDARD_SHADER UNITY_NO_SCREENSPACE_SHADOWS UNITY_PBS_USE_BRDF2 UNITY_PBS_USE_BRDF3 UNITY_PRETRANSFORM_TO_DISPLAY_ORIENTATION UNITY_UNIFIED_SHADER_PRECISION_MODEL UNITY_VIRTUAL_TEXTURING
Shader warning in 'Toon/Basic Outline': Both vertex and fragment programs must be present in a shader snippet. Excluding it from compilation. at line 23

Compiling Subshader: 0, Pass: OUTLINE, Vertex program with <no keywords>
Platform defines: SHADER_API_DESKTOP UNITY_ENABLE_DETAIL_NORMALMAP UNITY_ENABLE_REFLECTION_BUFFERS UNITY_LIGHTMAP_FULL_HDR UNITY_LIGHT_PROBE_PROXY_VOLUME UNITY_PBS_USE_BRDF1 UNITY_SPECCUBE_BLENDING UNITY_SPECCUBE_BOX_PROJECTION UNITY_USE_DITHER_MASK_FOR_ALPHABLENDED_SHADOWS
Disabled keywords: FOG_EXP FOG_EXP2 FOG_LINEAR SHADER_API_GLES30 UNITY_ASTC_NORMALMAP_ENCODING UNITY_COLORSPACE_GAMMA UNITY_ENABLE_NATIVE_SHADOW_LOOKUPS UNITY_FRAMEBUFFER_FETCH_AVAILABLE UNITY_HALF_PRECISION_FRAGMENT_SHADER_REGISTERS UNITY_HARDWARE_TIER1 UNITY_HARDWARE_TIER2 UNITY_HARDWARE_TIER3 UNITY_LIGHTMAP_DLDR_ENCODING UNITY_LIGHTMAP_RGBM_ENCODING UNITY_METAL_SHADOWS_USE_POINT_FILTERING UNITY_NO_DXT5nm UNITY_NO_FULL_STANDARD_SHADER UNITY_NO_SCREENSPACE_SHADOWS UNITY_PBS_USE_BRDF2 UNITY_PBS_USE_BRDF3 UNITY_PRETRANSFORM_TO_DISPLAY_ORIENTATION UNITY_UNIFIED_SHADER_PRECISION_MODEL UNITY_VIRTUAL_TEXTURING
Shader warning in 'Toon/Basic Outline': CGPROGRAM block does not contain #pragma vertex, #pragma fragment or #pragma surface directive, skipping at line 23

Compiling Subshader: 0, Pass: OUTLINE, Vertex program with <no keywords>
Platform defines: SHADER_API_DESKTOP UNITY_ENABLE_DETAIL_NORMALMAP UNITY_ENABLE_REFLECTION_BUFFERS UNITY_LIGHTMAP_FULL_HDR UNITY_LIGHT_PROBE_PROXY_VOLUME UNITY_PBS_USE_BRDF1 UNITY_SPECCUBE_BLENDING UNITY_SPECCUBE_BOX_PROJECTION UNITY_USE_DITHER_MASK_FOR_ALPHABLENDED_SHADOWS
Disabled keywords: FOG_EXP FOG_EXP2 FOG_LINEAR SHADER_API_GLES30 UNITY_ASTC_NORMALMAP_ENCODING UNITY_COLORSPACE_GAMMA UNITY_ENABLE_NATIVE_SHADOW_LOOKUPS UNITY_FRAMEBUFFER_FETCH_AVAILABLE UNITY_HALF_PRECISION_FRAGMENT_SHADER_REGISTERS UNITY_HARDWARE_TIER1 UNITY_HARDWARE_TIER2 UNITY_HARDWARE_TIER3 UNITY_LIGHTMAP_DLDR_ENCODING UNITY_LIGHTMAP_RGBM_ENCODING UNITY_METAL_SHADOWS_USE_POINT_FILTERING UNITY_NO_DXT5nm UNITY_NO_FULL_STANDARD_SHADER UNITY_NO_SCREENSPACE_SHADOWS UNITY_PBS_USE_BRDF2 UNITY_PBS_USE_BRDF3 UNITY_PRETRANSFORM_TO_DISPLAY_ORIENTATION UNITY_UNIFIED_SHADER_PRECISION_MODEL UNITY_VIRTUAL_TEXTURING
Shader error in 'Toon/Basic Outline': Couldn't open include file 'Packages/com.unity.render-pipelines.universal/ShaderLibrary/Core.hlsl'. at line 23

Compiling Subshader: 0, Pass: OUTLINE, Vertex program with <no keywords>
Platform defines: SHADER_API_DESKTOP UNITY_ENABLE_DETAIL_NORMALMAP UNITY_ENABLE_REFLECTION_BUFFERS UNITY_LIGHTMAP_FULL_HDR UNITY_LIGHT_PROBE_PROXY_VOLUME UNITY_PBS_USE_BRDF1 UNITY_SPECCUBE_BLENDING UNITY_SPECCUBE_BOX_PROJECTION UNITY_USE_DITHER_MASK_FOR_ALPHABLENDED_SHADOWS
Disabled keywords: FOG_EXP FOG_EXP2 FOG_LINEAR SHADER_API_GLES30 UNITY_ASTC_NORMALMAP_ENCODING UNITY_COLORSPACE_GAMMA UNITY_ENABLE_NATIVE_SHADOW_LOOKUPS UNITY_FRAMEBUFFER_FETCH_AVAILABLE UNITY_HALF_PRECISION_FRAGMENT_SHADER_REGISTERS UNITY_HARDWARE_TIER1 UNITY_HARDWARE_TIER2 UNITY_HARDWARE_TIER3 UNITY_LIGHTMAP_DLDR_ENCODING UNITY_LIGHTMAP_RGBM_ENCODING UNITY_METAL_SHADOWS_USE_POINT_FILTERING UNITY_NO_DXT5nm UNITY_NO_FULL_STANDARD_SHADER UNITY_NO_SCREENSPACE_SHADOWS UNITY_PBS_USE_BRDF2 UNITY_PBS_USE_BRDF3 UNITY_PRETRANSFORM_TO_DISPLAY_ORIENTATION UNITY_UNIFIED_SHADER_PRECISION_MODEL UNITY_VIRTUAL_TEXTURING
Shader warning in 'Toon/Basic Outline': Both vertex and fragment programs must be present in a shader snippet. Excluding it from compilation. at line 23

Compiling Subshader: 0, Pass: OUTLINE, Vertex program with <no keywords>
Platform defines: SHADER_API_DESKTOP UNITY_ENABLE_DETAIL_NORMALMAP UNITY_ENABLE_REFLECTION_BUFFERS UNITY_LIGHTMAP_FULL_HDR UNITY_LIGHT_PROBE_PROXY_VOLUME UNITY_PBS_USE_BRDF1 UNITY_SPECCUBE_BLENDING UNITY_SPECCUBE_BOX_PROJECTION UNITY_USE_DITHER_MASK_FOR_ALPHABLENDED_SHADOWS
Disabled keywords: FOG_EXP FOG_EXP2 FOG_LINEAR SHADER_API_GLES30 UNITY_ASTC_NORMALMAP_ENCODING UNITY_COLORSPACE_GAMMA UNITY_ENABLE_NATIVE_SHADOW_LOOKUPS UNITY_FRAMEBUFFER_FETCH_AVAILABLE UNITY_HALF_PRECISION_FRAGMENT_SHADER_REGISTERS UNITY_HARDWARE_TIER1 UNITY_HARDWARE_TIER2 UNITY_HARDWARE_TIER3 UNITY_LIGHTMAP_DLDR_ENCODING UNITY_LIGHTMAP_RGBM_ENCODING UNITY_METAL_SHADOWS_USE_POINT_FILTERING UNITY_NO_DXT5nm UNITY_NO_FULL_STANDARD_SHADER UNITY_NO_SCREENSPACE_SHADOWS UNITY_PBS_USE_BRDF2 UNITY_PBS_USE_BRDF3 UNITY_PRETRANSFORM_TO_DISPLAY_ORIENTATION UNITY_UNIFIED_SHADER_PRECISION_MODEL UNITY_VIRTUAL_TEXTURING
Shader warning in 'Toon/Basic Outline': CGPROGRAM block does not contain #pragma vertex, #pragma fragment or #pragma surface directive, skipping at line 23

Compiling Subshader: 0, Pass: OUTLINE, Vertex program with <no keywords>
Platform defines: SHADER_API_DESKTOP UNITY_ENABLE_DETAIL_NORMALMAP UNITY_ENABLE_REFLECTION_BUFFERS UNITY_LIGHTMAP_FULL_HDR UNITY_LIGHT_PROBE_PROXY_VOLUME UNITY_PBS_USE_BRDF1 UNITY_SPECCUBE_BLENDING UNITY_SPECCUBE_BOX_PROJECTION UNITY_USE_DITHER_MASK_FOR_ALPHABLENDED_SHADOWS
Disabled keywords: FOG_EXP FOG_EXP2 FOG_LINEAR SHADER_API_GLES30 UNITY_ASTC_NORMALMAP_ENCODING UNITY_COLORSPACE_GAMMA UNITY_ENABLE_NATIVE_SHADOW_LOOKUPS UNITY_FRAMEBUFFER_FETCH_AVAILABLE UNITY_HALF_PRECISION_FRAGMENT_SHADER_REGISTERS UNITY_HARDWARE_TIER1 UNITY_HARDWARE_TIER2 UNITY_HARDWARE_TIER3 UNITY_LIGHTMAP_DLDR_ENCODING UNITY_LIGHTMAP_RGBM_ENCODING UNITY_METAL_SHADOWS_USE_POINT_FILTERING UNITY_NO_DXT5nm UNITY_NO_FULL_STANDARD_SHADER UNITY_NO_SCREENSPACE_SHADOWS UNITY_PBS_USE_BRDF2 UNITY_PBS_USE_BRDF3 UNITY_PRETRANSFORM_TO_DISPLAY_ORIENTATION UNITY_UNIFIED_SHADER_PRECISION_MODEL UNITY_VIRTUAL_TEXTURING
 -> (artifact id: 'f73c3e4a259f4de8c0d03db7dec9ace3') in 0.041981 seconds 
========================================================================
Received Import Request.
  Time since last request: 1.352773 seconds.
  path: Assets/ThirdParty/Ultraleap/Tracking/Examples/Example Assets/Materials/Floor.mat
  artifactKey: Guid(f745b6e649899ab448e8c5297a107c8e) Importer(815301076,1909f56bfc062723c751e8b465ee728b)
Start importing Assets/ThirdParty/Ultraleap/Tracking/Examples/Example Assets/Materials/Floor.mat using Guid(f745b6e649899ab448e8c5297a107c8e) Importer(815301076,1909f56bfc062723c751e8b465ee728b)  -> (artifact id: 'a79fa57fd81922d95f646efa7c31919d') in 0.018488 seconds 
========================================================================
Received Import Request.
  Time since last request: 0.000028 seconds.
  path: Assets/ThirdParty/Ultraleap/Tracking/Examples/Example Assets/Font/Now-Light.otf
  artifactKey: Guid(7397991fd148e8b4481078110744c5d0) Importer(815301076,1909f56bfc062723c751e8b465ee728b)
Start importing Assets/ThirdParty/Ultraleap/Tracking/Examples/Example Assets/Font/Now-Light.otf using Guid(7397991fd148e8b4481078110744c5d0) Importer(815301076,1909f56bfc062723c751e8b465ee728b)  -> (artifact id: '670180f680a1780cf3bfa4f2cce201c4') in 0.026619 seconds 
========================================================================
Received Import Request.
  Time since last request: 0.000026 seconds.
  path: Assets/TextMesh Pro/Examples & Extras/Fonts/Roboto-Bold.ttf
  artifactKey: Guid(4beb055f07aaff244873dec698d0363e) Importer(815301076,1909f56bfc062723c751e8b465ee728b)
Start importing Assets/TextMesh Pro/Examples & Extras/Fonts/Roboto-Bold.ttf using Guid(4beb055f07aaff244873dec698d0363e) Importer(815301076,1909f56bfc062723c751e8b465ee728b)  -> (artifact id: '02f691fcd04daa8e5231d216c74a6566') in 0.020359 seconds 
========================================================================
Received Import Request.
  Time since last request: 0.000032 seconds.
  path: Assets/ThirdParty/Ultraleap/Tracking/Examples/Example Assets/Materials/Green Dark Standard.mat
  artifactKey: Guid(4842b2f4fd9791d41975d9dc8a13d707) Importer(815301076,1909f56bfc062723c751e8b465ee728b)
Start importing Assets/ThirdParty/Ultraleap/Tracking/Examples/Example Assets/Materials/Green Dark Standard.mat using Guid(4842b2f4fd9791d41975d9dc8a13d707) Importer(815301076,1909f56bfc062723c751e8b465ee728b)  -> (artifact id: '43bd2eff42fe8347e69183f97f199eb7') in 0.019010 seconds 
========================================================================
Received Import Request.
  Time since last request: 0.000039 seconds.
  path: Assets/TextMesh Pro/Examples & Extras/Resources/Fonts & Materials/Anton SDF - Drop Shadow.mat
  artifactKey: Guid(749b9069dc4742c5bfa5c74644049926) Importer(815301076,1909f56bfc062723c751e8b465ee728b)
Start importing Assets/TextMesh Pro/Examples & Extras/Resources/Fonts & Materials/Anton SDF - Drop Shadow.mat using Guid(749b9069dc4742c5bfa5c74644049926) Importer(815301076,1909f56bfc062723c751e8b465ee728b)  -> (artifact id: 'e21a174fa7b5d357ca5087d2594fe3a2') in 0.060498 seconds 
========================================================================
Received Import Request.
  Time since last request: 0.000022 seconds.
  path: Assets/TextMesh Pro/Examples & Extras/Resources/Fonts & Materials/Bangers SDF - Outline.mat
  artifactKey: Guid(f629c6e43dba4bf38cb74d8860150664) Importer(815301076,1909f56bfc062723c751e8b465ee728b)
Start importing Assets/TextMesh Pro/Examples & Extras/Resources/Fonts & Materials/Bangers SDF - Outline.mat using Guid(f629c6e43dba4bf38cb74d8860150664) Importer(815301076,1909f56bfc062723c751e8b465ee728b)  -> (artifact id: '5b29362dbe188847c1d0c837ed71934a') in 0.055510 seconds 
========================================================================
Received Import Request.
  Time since last request: 0.000025 seconds.
  path: Assets/TextMesh Pro/Examples & Extras/Materials/Crate - Surface Shader Scene.mat
  artifactKey: Guid(e6b9b44320f4448d9d5e0ee634259966) Importer(815301076,1909f56bfc062723c751e8b465ee728b)
Start importing Assets/TextMesh Pro/Examples & Extras/Materials/Crate - Surface Shader Scene.mat using Guid(e6b9b44320f4448d9d5e0ee634259966) Importer(815301076,1909f56bfc062723c751e8b465ee728b)  -> (artifact id: '7831fa52e6e8a440f96bdc8b998fd487') in 0.232708 seconds 
========================================================================
Received Import Request.
  Time since last request: 0.000024 seconds.
  path: Assets/ThirdParty/Ultraleap/Tracking/Examples/Example Assets/Materials/Base_Colour.mat
  artifactKey: Guid(f41c353172daae048971b421d489d553) Importer(815301076,1909f56bfc062723c751e8b465ee728b)
Start importing Assets/ThirdParty/Ultraleap/Tracking/Examples/Example Assets/Materials/Base_Colour.mat using Guid(f41c353172daae048971b421d489d553) Importer(815301076,1909f56bfc062723c751e8b465ee728b)  -> (artifact id: 'd284ef4f4457209c3eb9b04a339e7d99') in 0.015927 seconds 
========================================================================
Received Import Request.
  Time since last request: 0.000048 seconds.
  path: Assets/ThirdParty/Ultraleap/Tracking/Examples/Example Assets/Font/Now-Black.otf
  artifactKey: Guid(616f159b2fa991948b4bd1afe333758d) Importer(815301076,1909f56bfc062723c751e8b465ee728b)
Start importing Assets/ThirdParty/Ultraleap/Tracking/Examples/Example Assets/Font/Now-Black.otf using Guid(616f159b2fa991948b4bd1afe333758d) Importer(815301076,1909f56bfc062723c751e8b465ee728b)  -> (artifact id: '079204017f216b0664a00642eeaf6513') in 0.017278 seconds 
========================================================================
Received Import Request.
  Time since last request: 0.000023 seconds.
  path: Assets/TextMesh Pro/Examples & Extras/Fonts/Anton.ttf
  artifactKey: Guid(997a43b767814dd0a7642ec9b78cba41) Importer(815301076,1909f56bfc062723c751e8b465ee728b)
Start importing Assets/TextMesh Pro/Examples & Extras/Fonts/Anton.ttf using Guid(997a43b767814dd0a7642ec9b78cba41) Importer(815301076,1909f56bfc062723c751e8b465ee728b)  -> (artifact id: 'af4d2d9d0a8fedf6df347aa7694e6c93') in 0.017007 seconds 
Editor requested this worker to shutdown with reason: Scaling down because of idle timeout
AssetImportWorker is now disconnected from the server
Process exiting
Exiting without the bug reporter. Application will terminate with return code 0